-------------------------------------------------------------------------------
Test set: es.iespuertodelacruz.concesionario.controller.ClienteControllerTest
-------------------------------------------------------------------------------
Tests run: 11, Failures: 3, Errors: 0, Skipped: 0, Time elapsed: 20.831 s <<< FAILURE! - in es.iespuertodelacruz.concesionario.controller.ClienteControllerTest
constructorTest  Time elapsed: 6.158 s  <<< FAILURE!
org.opentest4j.AssertionFailedError: Error al insertar el cliente
	at es.iespuertodelacruz.concesionario.controller.ClienteControllerTest.setUp(ClienteControllerTest.java:43)
Caused by: es.iespuertodelacruz.concesionario.exception.PersistenciaException: Se ha producido un error realizando la consulta
	at es.iespuertodelacruz.concesionario.controller.ClienteControllerTest.setUp(ClienteControllerTest.java:41)
Caused by: es.iespuertodelacruz.concesionario.exception.PersistenciaException: Se ha producido un error realizando la consulta
	at es.iespuertodelacruz.concesionario.controller.ClienteControllerTest.setUp(ClienteControllerTest.java:41)
Caused by: es.iespuertodelacruz.concesionario.exception.PersistenciaException: Se ha producido un error en la busqueda
	at es.iespuertodelacruz.concesionario.controller.ClienteControllerTest.setUp(ClienteControllerTest.java:41)
Caused by: org.sqlite.SQLiteException: [SQLITE_BUSY]  The database file is locked (database is locked)
	at es.iespuertodelacruz.concesionario.controller.ClienteControllerTest.setUp(ClienteControllerTest.java:41)

eliminarErrorTest  Time elapsed: 5.821 s  <<< FAILURE!
org.opentest4j.AssertionFailedError: Error al eliminar el cliente
	at es.iespuertodelacruz.concesionario.controller.ClienteControllerTest.tearDown(ClienteControllerTest.java:52)
Caused by: es.iespuertodelacruz.concesionario.exception.PersistenciaException: Se ha producido un error realizando la consulta
	at es.iespuertodelacruz.concesionario.controller.ClienteControllerTest.tearDown(ClienteControllerTest.java:50)
Caused by: es.iespuertodelacruz.concesionario.exception.PersistenciaException: Se ha producido un error realizando la consulta
	at es.iespuertodelacruz.concesionario.controller.ClienteControllerTest.tearDown(ClienteControllerTest.java:50)
Caused by: es.iespuertodelacruz.concesionario.exception.PersistenciaException: Se ha producido un error realizando la consulta
	at es.iespuertodelacruz.concesionario.controller.ClienteControllerTest.tearDown(ClienteControllerTest.java:50)
Caused by: es.iespuertodelacruz.concesionario.exception.PersistenciaException: Se ha producido un error en la busqueda
	at es.iespuertodelacruz.concesionario.controller.ClienteControllerTest.tearDown(ClienteControllerTest.java:50)
Caused by: org.sqlite.SQLiteException: [SQLITE_BUSY]  The database file is locked (database is locked)
	at es.iespuertodelacruz.concesionario.controller.ClienteControllerTest.tearDown(ClienteControllerTest.java:50)

insertarErrorTest  Time elapsed: 1.267 s  <<< FAILURE!
org.opentest4j.AssertionFailedError: Error al insertar el cliente
	at es.iespuertodelacruz.concesionario.controller.ClienteControllerTest.setUp(ClienteControllerTest.java:43)
Caused by: es.iespuertodelacruz.concesionario.exception.ClienteException: El cliente indicado ya existe
	at es.iespuertodelacruz.concesionario.controller.ClienteControllerTest.setUp(ClienteControllerTest.java:41)

