<?xml version="1.0" encoding="UTF-8" standalone="yes"?><!DOCTYPE report PUBLIC "-//JACOCO//DTD Report 1.1//EN" "report.dtd"><report name="concesionario"><sessioninfo id="DESKTOP-2022HUJ-c706079f" start="1623448270461" dump="1623448314782"/><package name="es/iespuertodelacruz/concesionario/exception"><class name="es/iespuertodelacruz/concesionario/exception/ClienteException" sourcefilename="ClienteException.java"><method name="&lt;init&gt;" desc="(Ljava/lang/String;)V" line="15"><counter type="INSTRUCTION" missed="0" covered="4"/><counter type="LINE" missed="0" covered="2"/><counter type="COMPLEXITY" missed="0" covered="1"/><counter type="METHOD" missed="0" covered="1"/></method><method name="&lt;init&gt;" desc="(Ljava/lang/String;Ljava/lang/Exception;)V" line="24"><counter type="INSTRUCTION" missed="0" covered="5"/><counter type="LINE" missed="0" covered="2"/><counter type="COMPLEXITY" missed="0" covered="1"/><counter type="METHOD" missed="0" covered="1"/></method><counter type="INSTRUCTION" missed="0" covered="9"/><counter type="LINE" missed="0" covered="4"/><counter type="COMPLEXITY" missed="0" covered="2"/><counter type="METHOD" missed="0" covered="2"/><counter type="CLASS" missed="0" covered="1"/></class><class name="es/iespuertodelacruz/concesionario/exception/PersonaException" sourcefilename="PersonaException.java"><method name="&lt;init&gt;" desc="(Ljava/lang/String;)V" line="14"><counter type="INSTRUCTION" missed="0" covered="4"/><counter type="LINE" missed="0" covered="2"/><counter type="COMPLEXITY" missed="0" covered="1"/><counter type="METHOD" missed="0" covered="1"/></method><method name="&lt;init&gt;" desc="(Ljava/lang/String;Ljava/lang/Exception;)V" line="23"><counter type="INSTRUCTION" missed="0" covered="5"/><counter type="LINE" missed="0" covered="2"/><counter type="COMPLEXITY" missed="0" covered="1"/><counter type="METHOD" missed="0" covered="1"/></method><counter type="INSTRUCTION" missed="0" covered="9"/><counter type="LINE" missed="0" covered="4"/><counter type="COMPLEXITY" missed="0" covered="2"/><counter type="METHOD" missed="0" covered="2"/><counter type="CLASS" missed="0" covered="1"/></class><class name="es/iespuertodelacruz/concesionario/exception/VehiculoException" sourcefilename="VehiculoException.java"><method name="&lt;init&gt;" desc="(Ljava/lang/String;)V" line="14"><counter type="INSTRUCTION" missed="0" covered="4"/><counter type="LINE" missed="0" covered="2"/><counter type="COMPLEXITY" missed="0" covered="1"/><counter type="METHOD" missed="0" covered="1"/></method><method name="&lt;init&gt;" desc="(Ljava/lang/String;Ljava/lang/Exception;)V" line="23"><counter type="INSTRUCTION" missed="0" covered="5"/><counter type="LINE" missed="0" covered="2"/><counter type="COMPLEXITY" missed="0" covered="1"/><counter type="METHOD" missed="0" covered="1"/></method><counter type="INSTRUCTION" missed="0" covered="9"/><counter type="LINE" missed="0" covered="4"/><counter type="COMPLEXITY" missed="0" covered="2"/><counter type="METHOD" missed="0" covered="2"/><counter type="CLASS" missed="0" covered="1"/></class><class name="es/iespuertodelacruz/concesionario/exception/DniException" sourcefilename="DniException.java"><method name="&lt;init&gt;" desc="(Ljava/lang/String;)V" line="14"><counter type="INSTRUCTION" missed="0" covered="4"/><counter type="LINE" missed="0" covered="2"/><counter type="COMPLEXITY" missed="0" covered="1"/><counter type="METHOD" missed="0" covered="1"/></method><method name="&lt;init&gt;" desc="(Ljava/lang/String;Ljava/lang/Exception;)V" line="23"><counter type="INSTRUCTION" missed="0" covered="5"/><counter type="LINE" missed="0" covered="2"/><counter type="COMPLEXITY" missed="0" covered="1"/><counter type="METHOD" missed="0" covered="1"/></method><counter type="INSTRUCTION" missed="0" covered="9"/><counter type="LINE" missed="0" covered="4"/><counter type="COMPLEXITY" missed="0" covered="2"/><counter type="METHOD" missed="0" covered="2"/><counter type="CLASS" missed="0" covered="1"/></class><class name="es/iespuertodelacruz/concesionario/exception/PersistenciaException" sourcefilename="PersistenciaException.java"><method name="&lt;init&gt;" desc="(Ljava/lang/String;)V" line="13"><counter type="INSTRUCTION" missed="0" covered="4"/><counter type="LINE" missed="0" covered="2"/><counter type="COMPLEXITY" missed="0" covered="1"/><counter type="METHOD" missed="0" covered="1"/></method><method name="&lt;init&gt;" desc="(Ljava/lang/String;Ljava/lang/Exception;)V" line="22"><counter type="INSTRUCTION" missed="0" covered="5"/><counter type="LINE" missed="0" covered="2"/><counter type="COMPLEXITY" missed="0" covered="1"/><counter type="METHOD" missed="0" covered="1"/></method><counter type="INSTRUCTION" missed="0" covered="9"/><counter type="LINE" missed="0" covered="4"/><counter type="COMPLEXITY" missed="0" covered="2"/><counter type="METHOD" missed="0" covered="2"/><counter type="CLASS" missed="0" covered="1"/></class><class name="es/iespuertodelacruz/concesionario/exception/EmpleadoException" sourcefilename="EmpleadoException.java"><method name="&lt;init&gt;" desc="(Ljava/lang/String;)V" line="14"><counter type="INSTRUCTION" missed="0" covered="4"/><counter type="LINE" missed="0" covered="2"/><counter type="COMPLEXITY" missed="0" covered="1"/><counter type="METHOD" missed="0" covered="1"/></method><method name="&lt;init&gt;" desc="(Ljava/lang/String;Ljava/lang/Exception;)V" line="23"><counter type="INSTRUCTION" missed="0" covered="5"/><counter type="LINE" missed="0" covered="2"/><counter type="COMPLEXITY" missed="0" covered="1"/><counter type="METHOD" missed="0" covered="1"/></method><counter type="INSTRUCTION" missed="0" covered="9"/><counter type="LINE" missed="0" covered="4"/><counter type="COMPLEXITY" missed="0" covered="2"/><counter type="METHOD" missed="0" covered="2"/><counter type="CLASS" missed="0" covered="1"/></class><class name="es/iespuertodelacruz/concesionario/exception/DireccionException" sourcefilename="DireccionException.java"><method name="&lt;init&gt;" desc="(Ljava/lang/String;)V" line="14"><counter type="INSTRUCTION" missed="0" covered="4"/><counter type="LINE" missed="0" covered="2"/><counter type="COMPLEXITY" missed="0" covered="1"/><counter type="METHOD" missed="0" covered="1"/></method><method name="&lt;init&gt;" desc="(Ljava/lang/String;Ljava/lang/Exception;)V" line="23"><counter type="INSTRUCTION" missed="0" covered="5"/><counter type="LINE" missed="0" covered="2"/><counter type="COMPLEXITY" missed="0" covered="1"/><counter type="METHOD" missed="0" covered="1"/></method><counter type="INSTRUCTION" missed="0" covered="9"/><counter type="LINE" missed="0" covered="4"/><counter type="COMPLEXITY" missed="0" covered="2"/><counter type="METHOD" missed="0" covered="2"/><counter type="CLASS" missed="0" covered="1"/></class><class name="es/iespuertodelacruz/concesionario/exception/BastidorException" sourcefilename="BastidorException.java"><method name="&lt;init&gt;" desc="(Ljava/lang/String;)V" line="14"><counter type="INSTRUCTION" missed="0" covered="4"/><counter type="LINE" missed="0" covered="2"/><counter type="COMPLEXITY" missed="0" covered="1"/><counter type="METHOD" missed="0" covered="1"/></method><method name="&lt;init&gt;" desc="(Ljava/lang/String;Ljava/lang/Exception;)V" line="23"><counter type="INSTRUCTION" missed="0" covered="5"/><counter type="LINE" missed="0" covered="2"/><counter type="COMPLEXITY" missed="0" covered="1"/><counter type="METHOD" missed="0" covered="1"/></method><counter type="INSTRUCTION" missed="0" covered="9"/><counter type="LINE" missed="0" covered="4"/><counter type="COMPLEXITY" missed="0" covered="2"/><counter type="METHOD" missed="0" covered="2"/><counter type="CLASS" missed="0" covered="1"/></class><class name="es/iespuertodelacruz/concesionario/exception/VentaException" sourcefilename="VentaException.java"><method name="&lt;init&gt;" desc="(Ljava/lang/String;)V" line="13"><counter type="INSTRUCTION" missed="0" covered="4"/><counter type="LINE" missed="0" covered="2"/><counter type="COMPLEXITY" missed="0" covered="1"/><counter type="METHOD" missed="0" covered="1"/></method><method name="&lt;init&gt;" desc="(Ljava/lang/String;Ljava/lang/Exception;)V" line="22"><counter type="INSTRUCTION" missed="0" covered="5"/><counter type="LINE" missed="0" covered="2"/><counter type="COMPLEXITY" missed="0" covered="1"/><counter type="METHOD" missed="0" covered="1"/></method><counter type="INSTRUCTION" missed="0" covered="9"/><counter type="LINE" missed="0" covered="4"/><counter type="COMPLEXITY" missed="0" covered="2"/><counter type="METHOD" missed="0" covered="2"/><counter type="CLASS" missed="0" covered="1"/></class><sourcefile name="PersistenciaException.java"><line nr="13" mi="0" ci="3" mb="0" cb="0"/><line nr="14" mi="0" ci="1" mb="0" cb="0"/><line nr="22" mi="0" ci="4" mb="0" cb="0"/><line nr="23" mi="0" ci="1" mb="0" cb="0"/><counter type="INSTRUCTION" missed="0" covered="9"/><counter type="LINE" missed="0" covered="4"/><counter type="COMPLEXITY" missed="0" covered="2"/><counter type="METHOD" missed="0" covered="2"/><counter type="CLASS" missed="0" covered="1"/></sourcefile><sourcefile name="VehiculoException.java"><line nr="14" mi="0" ci="3" mb="0" cb="0"/><line nr="15" mi="0" ci="1" mb="0" cb="0"/><line nr="23" mi="0" ci="4" mb="0" cb="0"/><line nr="24" mi="0" ci="1" mb="0" cb="0"/><counter type="INSTRUCTION" missed="0" covered="9"/><counter type="LINE" missed="0" covered="4"/><counter type="COMPLEXITY" missed="0" covered="2"/><counter type="METHOD" missed="0" covered="2"/><counter type="CLASS" missed="0" covered="1"/></sourcefile><sourcefile name="PersonaException.java"><line nr="14" mi="0" ci="3" mb="0" cb="0"/><line nr="15" mi="0" ci="1" mb="0" cb="0"/><line nr="23" mi="0" ci="4" mb="0" cb="0"/><line nr="24" mi="0" ci="1" mb="0" cb="0"/><counter type="INSTRUCTION" missed="0" covered="9"/><counter type="LINE" missed="0" covered="4"/><counter type="COMPLEXITY" missed="0" covered="2"/><counter type="METHOD" missed="0" covered="2"/><counter type="CLASS" missed="0" covered="1"/></sourcefile><sourcefile name="ClienteException.java"><line nr="15" mi="0" ci="3" mb="0" cb="0"/><line nr="16" mi="0" ci="1" mb="0" cb="0"/><line nr="24" mi="0" ci="4" mb="0" cb="0"/><line nr="25" mi="0" ci="1" mb="0" cb="0"/><counter type="INSTRUCTION" missed="0" covered="9"/><counter type="LINE" missed="0" covered="4"/><counter type="COMPLEXITY" missed="0" covered="2"/><counter type="METHOD" missed="0" covered="2"/><counter type="CLASS" missed="0" covered="1"/></sourcefile><sourcefile name="DireccionException.java"><line nr="14" mi="0" ci="3" mb="0" cb="0"/><line nr="15" mi="0" ci="1" mb="0" cb="0"/><line nr="23" mi="0" ci="4" mb="0" cb="0"/><line nr="24" mi="0" ci="1" mb="0" cb="0"/><counter type="INSTRUCTION" missed="0" covered="9"/><counter type="LINE" missed="0" covered="4"/><counter type="COMPLEXITY" missed="0" covered="2"/><counter type="METHOD" missed="0" covered="2"/><counter type="CLASS" missed="0" covered="1"/></sourcefile><sourcefile name="DniException.java"><line nr="14" mi="0" ci="3" mb="0" cb="0"/><line nr="15" mi="0" ci="1" mb="0" cb="0"/><line nr="23" mi="0" ci="4" mb="0" cb="0"/><line nr="24" mi="0" ci="1" mb="0" cb="0"/><counter type="INSTRUCTION" missed="0" covered="9"/><counter type="LINE" missed="0" covered="4"/><counter type="COMPLEXITY" missed="0" covered="2"/><counter type="METHOD" missed="0" covered="2"/><counter type="CLASS" missed="0" covered="1"/></sourcefile><sourcefile name="BastidorException.java"><line nr="14" mi="0" ci="3" mb="0" cb="0"/><line nr="15" mi="0" ci="1" mb="0" cb="0"/><line nr="23" mi="0" ci="4" mb="0" cb="0"/><line nr="24" mi="0" ci="1" mb="0" cb="0"/><counter type="INSTRUCTION" missed="0" covered="9"/><counter type="LINE" missed="0" covered="4"/><counter type="COMPLEXITY" missed="0" covered="2"/><counter type="METHOD" missed="0" covered="2"/><counter type="CLASS" missed="0" covered="1"/></sourcefile><sourcefile name="EmpleadoException.java"><line nr="14" mi="0" ci="3" mb="0" cb="0"/><line nr="15" mi="0" ci="1" mb="0" cb="0"/><line nr="23" mi="0" ci="4" mb="0" cb="0"/><line nr="24" mi="0" ci="1" mb="0" cb="0"/><counter type="INSTRUCTION" missed="0" covered="9"/><counter type="LINE" missed="0" covered="4"/><counter type="COMPLEXITY" missed="0" covered="2"/><counter type="METHOD" missed="0" covered="2"/><counter type="CLASS" missed="0" covered="1"/></sourcefile><sourcefile name="VentaException.java"><line nr="13" mi="0" ci="3" mb="0" cb="0"/><line nr="14" mi="0" ci="1" mb="0" cb="0"/><line nr="22" mi="0" ci="4" mb="0" cb="0"/><line nr="23" mi="0" ci="1" mb="0" cb="0"/><counter type="INSTRUCTION" missed="0" covered="9"/><counter type="LINE" missed="0" covered="4"/><counter type="COMPLEXITY" missed="0" covered="2"/><counter type="METHOD" missed="0" covered="2"/><counter type="CLASS" missed="0" covered="1"/></sourcefile><counter type="INSTRUCTION" missed="0" covered="81"/><counter type="LINE" missed="0" covered="36"/><counter type="COMPLEXITY" missed="0" covered="18"/><counter type="METHOD" missed="0" covered="18"/><counter type="CLASS" missed="0" covered="9"/></package><package name="es/iespuertodelacruz/concesionario/controlador"><class name="es/iespuertodelacruz/concesionario/controlador/VentaController" sourcefilename="VentaController.java"><method name="&lt;init&gt;" desc="()V" line="21"><counter type="INSTRUCTION" missed="0" covered="8"/><counter type="LINE" missed="0" covered="3"/><counter type="COMPLEXITY" missed="0" covered="1"/><counter type="METHOD" missed="0" covered="1"/></method><method name="&lt;init&gt;" desc="(Z)V" line="30"><counter type="INSTRUCTION" missed="0" covered="9"/><counter type="LINE" missed="0" covered="3"/><counter type="COMPLEXITY" missed="0" covered="1"/><counter type="METHOD" missed="0" covered="1"/></method><method name="validarVenta" desc="(Les/iespuertodelacruz/concesionario/api/Venta;)V" line="41"><counter type="INSTRUCTION" missed="0" covered="73"/><counter type="BRANCH" missed="0" covered="18"/><counter type="LINE" missed="0" covered="13"/><counter type="COMPLEXITY" missed="0" covered="10"/><counter type="METHOD" missed="0" covered="1"/></method><method name="insertar" desc="(Les/iespuertodelacruz/concesionario/api/Venta;)V" line="69"><counter type="INSTRUCTION" missed="0" covered="17"/><counter type="BRANCH" missed="0" covered="2"/><counter type="LINE" missed="0" covered="5"/><counter type="COMPLEXITY" missed="0" covered="2"/><counter type="METHOD" missed="0" covered="1"/></method><method name="eliminar" desc="(Les/iespuertodelacruz/concesionario/api/Venta;)V" line="83"><counter type="INSTRUCTION" missed="0" covered="17"/><counter type="BRANCH" missed="0" covered="2"/><counter type="LINE" missed="0" covered="5"/><counter type="COMPLEXITY" missed="0" covered="2"/><counter type="METHOD" missed="0" covered="1"/></method><method name="eliminar" desc="(Ljava/lang/String;)V" line="97"><counter type="INSTRUCTION" missed="0" covered="5"/><counter type="LINE" missed="0" covered="2"/><counter type="COMPLEXITY" missed="0" covered="1"/><counter type="METHOD" missed="0" covered="1"/></method><method name="modificar" desc="(Les/iespuertodelacruz/concesionario/api/Venta;)V" line="108"><counter type="INSTRUCTION" missed="0" covered="20"/><counter type="BRANCH" missed="0" covered="2"/><counter type="LINE" missed="0" covered="6"/><counter type="COMPLEXITY" missed="0" covered="2"/><counter type="METHOD" missed="0" covered="1"/></method><method name="buscar" desc="(Ljava/lang/String;)Les/iespuertodelacruz/concesionario/api/Venta;" line="123"><counter type="INSTRUCTION" missed="0" covered="9"/><counter type="LINE" missed="0" covered="3"/><counter type="COMPLEXITY" missed="0" covered="1"/><counter type="METHOD" missed="0" covered="1"/></method><method name="existe" desc="(Les/iespuertodelacruz/concesionario/api/Venta;)Z" line="135"><counter type="INSTRUCTION" missed="0" covered="13"/><counter type="BRANCH" missed="0" covered="2"/><counter type="LINE" missed="0" covered="5"/><counter type="COMPLEXITY" missed="0" covered="2"/><counter type="METHOD" missed="0" covered="1"/></method><method name="agruparVentas" desc="()Ljava/util/ArrayList;" line="151"><counter type="INSTRUCTION" missed="0" covered="4"/><counter type="LINE" missed="0" covered="1"/><counter type="COMPLEXITY" missed="0" covered="1"/><counter type="METHOD" missed="0" covered="1"/></method><counter type="INSTRUCTION" missed="0" covered="175"/><counter type="BRANCH" missed="0" covered="26"/><counter type="LINE" missed="0" covered="46"/><counter type="COMPLEXITY" missed="0" covered="23"/><counter type="METHOD" missed="0" covered="10"/><counter type="CLASS" missed="0" covered="1"/></class><class name="es/iespuertodelacruz/concesionario/controlador/VehiculoController" sourcefilename="VehiculoController.java"><method name="&lt;init&gt;" desc="()V" line="20"><counter type="INSTRUCTION" missed="0" covered="8"/><counter type="LINE" missed="0" covered="3"/><counter type="COMPLEXITY" missed="0" covered="1"/><counter type="METHOD" missed="0" covered="1"/></method><method name="&lt;init&gt;" desc="(Z)V" line="29"><counter type="INSTRUCTION" missed="0" covered="9"/><counter type="LINE" missed="0" covered="3"/><counter type="COMPLEXITY" missed="0" covered="1"/><counter type="METHOD" missed="0" covered="1"/></method><method name="validarVehiculo" desc="(Les/iespuertodelacruz/concesionario/api/Vehiculo;)V" line="40"><counter type="INSTRUCTION" missed="0" covered="179"/><counter type="BRANCH" missed="0" covered="42"/><counter type="LINE" missed="0" covered="27"/><counter type="COMPLEXITY" missed="0" covered="22"/><counter type="METHOD" missed="0" covered="1"/></method><method name="insertar" desc="(Les/iespuertodelacruz/concesionario/api/Vehiculo;)V" line="89"><counter type="INSTRUCTION" missed="0" covered="17"/><counter type="BRANCH" missed="0" covered="2"/><counter type="LINE" missed="0" covered="5"/><counter type="COMPLEXITY" missed="0" covered="2"/><counter type="METHOD" missed="0" covered="1"/></method><method name="eliminar" desc="(Les/iespuertodelacruz/concesionario/api/Vehiculo;)V" line="103"><counter type="INSTRUCTION" missed="0" covered="17"/><counter type="BRANCH" missed="0" covered="2"/><counter type="LINE" missed="0" covered="5"/><counter type="COMPLEXITY" missed="0" covered="2"/><counter type="METHOD" missed="0" covered="1"/></method><method name="eliminar" desc="(Ljava/lang/String;)V" line="118"><counter type="INSTRUCTION" missed="0" covered="8"/><counter type="LINE" missed="0" covered="3"/><counter type="COMPLEXITY" missed="0" covered="1"/><counter type="METHOD" missed="0" covered="1"/></method><method name="modificar" desc="(Les/iespuertodelacruz/concesionario/api/Vehiculo;)V" line="130"><counter type="INSTRUCTION" missed="0" covered="20"/><counter type="BRANCH" missed="0" covered="2"/><counter type="LINE" missed="0" covered="6"/><counter type="COMPLEXITY" missed="0" covered="2"/><counter type="METHOD" missed="0" covered="1"/></method><method name="buscar" desc="(Ljava/lang/String;)Les/iespuertodelacruz/concesionario/api/Vehiculo;" line="145"><counter type="INSTRUCTION" missed="0" covered="9"/><counter type="LINE" missed="0" covered="3"/><counter type="COMPLEXITY" missed="0" covered="1"/><counter type="METHOD" missed="0" covered="1"/></method><method name="existe" desc="(Les/iespuertodelacruz/concesionario/api/Vehiculo;)Z" line="157"><counter type="INSTRUCTION" missed="0" covered="13"/><counter type="BRANCH" missed="0" covered="2"/><counter type="LINE" missed="0" covered="5"/><counter type="COMPLEXITY" missed="0" covered="2"/><counter type="METHOD" missed="0" covered="1"/></method><method name="listadoVehiculos" desc="()Ljava/util/ArrayList;" line="174"><counter type="INSTRUCTION" missed="0" covered="4"/><counter type="LINE" missed="0" covered="1"/><counter type="COMPLEXITY" missed="0" covered="1"/><counter type="METHOD" missed="0" covered="1"/></method><counter type="INSTRUCTION" missed="0" covered="284"/><counter type="BRANCH" missed="0" covered="50"/><counter type="LINE" missed="0" covered="61"/><counter type="COMPLEXITY" missed="0" covered="35"/><counter type="METHOD" missed="0" covered="10"/><counter type="CLASS" missed="0" covered="1"/></class><class name="es/iespuertodelacruz/concesionario/controlador/EmpleadoController" sourcefilename="EmpleadoController.java"><method name="&lt;init&gt;" desc="()V" line="25"><counter type="INSTRUCTION" missed="0" covered="13"/><counter type="LINE" missed="0" covered="4"/><counter type="COMPLEXITY" missed="0" covered="1"/><counter type="METHOD" missed="0" covered="1"/></method><method name="&lt;init&gt;" desc="(Z)V" line="35"><counter type="INSTRUCTION" missed="0" covered="15"/><counter type="LINE" missed="0" covered="4"/><counter type="COMPLEXITY" missed="0" covered="1"/><counter type="METHOD" missed="0" covered="1"/></method><method name="validarEmpleado" desc="(Les/iespuertodelacruz/concesionario/api/Empleado;)V" line="46"><counter type="INSTRUCTION" missed="0" covered="137"/><counter type="BRANCH" missed="0" covered="34"/><counter type="LINE" missed="0" covered="21"/><counter type="COMPLEXITY" missed="0" covered="18"/><counter type="METHOD" missed="0" covered="1"/></method><method name="insertar" desc="(Les/iespuertodelacruz/concesionario/api/Empleado;)V" line="87"><counter type="INSTRUCTION" missed="0" covered="25"/><counter type="BRANCH" missed="0" covered="2"/><counter type="LINE" missed="0" covered="7"/><counter type="COMPLEXITY" missed="0" covered="2"/><counter type="METHOD" missed="0" covered="1"/></method><method name="eliminar" desc="(Les/iespuertodelacruz/concesionario/api/Empleado;)V" line="105"><counter type="INSTRUCTION" missed="0" covered="25"/><counter type="BRANCH" missed="0" covered="2"/><counter type="LINE" missed="0" covered="7"/><counter type="COMPLEXITY" missed="0" covered="2"/><counter type="METHOD" missed="0" covered="1"/></method><method name="eliminar" desc="(Ljava/lang/String;)V" line="124"><counter type="INSTRUCTION" missed="0" covered="8"/><counter type="LINE" missed="0" covered="3"/><counter type="COMPLEXITY" missed="0" covered="1"/><counter type="METHOD" missed="0" covered="1"/></method><method name="modificar" desc="(Les/iespuertodelacruz/concesionario/api/Empleado;)V" line="138"><counter type="INSTRUCTION" missed="0" covered="28"/><counter type="BRANCH" missed="0" covered="2"/><counter type="LINE" missed="0" covered="8"/><counter type="COMPLEXITY" missed="0" covered="2"/><counter type="METHOD" missed="0" covered="1"/></method><method name="buscar" desc="(Ljava/lang/String;)Les/iespuertodelacruz/concesionario/api/Empleado;" line="155"><counter type="INSTRUCTION" missed="0" covered="9"/><counter type="LINE" missed="0" covered="3"/><counter type="COMPLEXITY" missed="0" covered="1"/><counter type="METHOD" missed="0" covered="1"/></method><method name="listadoEmpleados" desc="()Ljava/util/ArrayList;" line="166"><counter type="INSTRUCTION" missed="0" covered="4"/><counter type="LINE" missed="0" covered="1"/><counter type="COMPLEXITY" missed="0" covered="1"/><counter type="METHOD" missed="0" covered="1"/></method><method name="existe" desc="(Les/iespuertodelacruz/concesionario/api/Empleado;)Z" line="175"><counter type="INSTRUCTION" missed="0" covered="13"/><counter type="BRANCH" missed="0" covered="2"/><counter type="LINE" missed="0" covered="5"/><counter type="COMPLEXITY" missed="0" covered="2"/><counter type="METHOD" missed="0" covered="1"/></method><method name="generarPersona" desc="(Les/iespuertodelacruz/concesionario/api/Empleado;)Les/iespuertodelacruz/concesionario/api/Persona;" line="192"><counter type="INSTRUCTION" missed="0" covered="16"/><counter type="LINE" missed="0" covered="2"/><counter type="COMPLEXITY" missed="0" covered="1"/><counter type="METHOD" missed="0" covered="1"/></method><method name="comprobarCredenciales" desc="(ILjava/lang/String;Ljava/lang/String;)V" line="205"><counter type="INSTRUCTION" missed="0" covered="46"/><counter type="BRANCH" missed="0" covered="11"/><counter type="LINE" missed="0" covered="12"/><counter type="COMPLEXITY" missed="0" covered="7"/><counter type="METHOD" missed="0" covered="1"/></method><method name="comprobarCredenciales" desc="(Ljava/lang/String;Ljava/lang/String;)Ljava/lang/String;" line="238"><counter type="INSTRUCTION" missed="38" covered="0"/><counter type="BRANCH" missed="4" covered="0"/><counter type="LINE" missed="7" covered="0"/><counter type="COMPLEXITY" missed="3" covered="0"/><counter type="METHOD" missed="1" covered="0"/></method><counter type="INSTRUCTION" missed="38" covered="339"/><counter type="BRANCH" missed="4" covered="53"/><counter type="LINE" missed="7" covered="77"/><counter type="COMPLEXITY" missed="3" covered="39"/><counter type="METHOD" missed="1" covered="12"/><counter type="CLASS" missed="0" covered="1"/></class><class name="es/iespuertodelacruz/concesionario/controlador/PersonaController" sourcefilename="PersonaController.java"><method name="&lt;init&gt;" desc="()V" line="19"><counter type="INSTRUCTION" missed="0" covered="13"/><counter type="LINE" missed="0" covered="4"/><counter type="COMPLEXITY" missed="0" covered="1"/><counter type="METHOD" missed="0" covered="1"/></method><method name="&lt;init&gt;" desc="(Z)V" line="29"><counter type="INSTRUCTION" missed="0" covered="15"/><counter type="LINE" missed="0" covered="4"/><counter type="COMPLEXITY" missed="0" covered="1"/><counter type="METHOD" missed="0" covered="1"/></method><method name="validarPersona" desc="(Les/iespuertodelacruz/concesionario/api/Persona;)V" line="41"><counter type="INSTRUCTION" missed="0" covered="105"/><counter type="BRANCH" missed="0" covered="26"/><counter type="LINE" missed="0" covered="17"/><counter type="COMPLEXITY" missed="0" covered="14"/><counter type="METHOD" missed="0" covered="1"/></method><method name="insertar" desc="(Les/iespuertodelacruz/concesionario/api/Persona;)V" line="76"><counter type="INSTRUCTION" missed="0" covered="24"/><counter type="BRANCH" missed="0" covered="2"/><counter type="LINE" missed="0" covered="7"/><counter type="COMPLEXITY" missed="0" covered="2"/><counter type="METHOD" missed="0" covered="1"/></method><method name="eliminar" desc="(Les/iespuertodelacruz/concesionario/api/Persona;)V" line="93"><counter type="INSTRUCTION" missed="0" covered="24"/><counter type="BRANCH" missed="0" covered="2"/><counter type="LINE" missed="0" covered="7"/><counter type="COMPLEXITY" missed="0" covered="2"/><counter type="METHOD" missed="0" covered="1"/></method><method name="eliminar" desc="(Ljava/lang/String;)V" line="111"><counter type="INSTRUCTION" missed="0" covered="8"/><counter type="LINE" missed="0" covered="3"/><counter type="COMPLEXITY" missed="0" covered="1"/><counter type="METHOD" missed="0" covered="1"/></method><method name="modificar" desc="(Les/iespuertodelacruz/concesionario/api/Persona;)V" line="124"><counter type="INSTRUCTION" missed="0" covered="27"/><counter type="BRANCH" missed="0" covered="2"/><counter type="LINE" missed="0" covered="8"/><counter type="COMPLEXITY" missed="0" covered="2"/><counter type="METHOD" missed="0" covered="1"/></method><method name="buscar" desc="(Ljava/lang/String;)Les/iespuertodelacruz/concesionario/api/Persona;" line="141"><counter type="INSTRUCTION" missed="0" covered="9"/><counter type="LINE" missed="0" covered="3"/><counter type="COMPLEXITY" missed="0" covered="1"/><counter type="METHOD" missed="0" covered="1"/></method><method name="existe" desc="(Les/iespuertodelacruz/concesionario/api/Persona;)Z" line="153"><counter type="INSTRUCTION" missed="0" covered="13"/><counter type="BRANCH" missed="0" covered="2"/><counter type="LINE" missed="0" covered="5"/><counter type="COMPLEXITY" missed="0" covered="2"/><counter type="METHOD" missed="0" covered="1"/></method><counter type="INSTRUCTION" missed="0" covered="238"/><counter type="BRANCH" missed="0" covered="34"/><counter type="LINE" missed="0" covered="58"/><counter type="COMPLEXITY" missed="0" covered="26"/><counter type="METHOD" missed="0" covered="9"/><counter type="CLASS" missed="0" covered="1"/></class><class name="es/iespuertodelacruz/concesionario/controlador/Validaciones" sourcefilename="Validaciones.java"><method name="&lt;init&gt;" desc="()V" line="9"><counter type="INSTRUCTION" missed="0" covered="12"/><counter type="LINE" missed="0" covered="4"/><counter type="COMPLEXITY" missed="0" covered="1"/><counter type="METHOD" missed="0" covered="1"/></method><method name="validarDni" desc="(Ljava/lang/String;)Z" line="24"><counter type="INSTRUCTION" missed="0" covered="19"/><counter type="LINE" missed="0" covered="5"/><counter type="COMPLEXITY" missed="0" covered="1"/><counter type="METHOD" missed="0" covered="1"/></method><method name="validarCodigoPostal" desc="(Ljava/lang/String;)Z" line="39"><counter type="INSTRUCTION" missed="0" covered="19"/><counter type="LINE" missed="0" covered="5"/><counter type="COMPLEXITY" missed="0" covered="1"/><counter type="METHOD" missed="0" covered="1"/></method><method name="validarBastidor" desc="(Ljava/lang/String;)Z" line="52"><counter type="INSTRUCTION" missed="0" covered="19"/><counter type="LINE" missed="0" covered="5"/><counter type="COMPLEXITY" missed="0" covered="1"/><counter type="METHOD" missed="0" covered="1"/></method><counter type="INSTRUCTION" missed="0" covered="69"/><counter type="LINE" missed="0" covered="19"/><counter type="COMPLEXITY" missed="0" covered="4"/><counter type="METHOD" missed="0" covered="4"/><counter type="CLASS" missed="0" covered="1"/></class><class name="es/iespuertodelacruz/concesionario/controlador/ClienteController" sourcefilename="ClienteController.java"><method name="&lt;init&gt;" desc="()V" line="24"><counter type="INSTRUCTION" missed="0" covered="13"/><counter type="LINE" missed="0" covered="4"/><counter type="COMPLEXITY" missed="0" covered="1"/><counter type="METHOD" missed="0" covered="1"/></method><method name="&lt;init&gt;" desc="(Z)V" line="34"><counter type="INSTRUCTION" missed="0" covered="15"/><counter type="LINE" missed="0" covered="4"/><counter type="COMPLEXITY" missed="0" covered="1"/><counter type="METHOD" missed="0" covered="1"/></method><method name="validarCliente" desc="(Les/iespuertodelacruz/concesionario/api/Cliente;)V" line="46"><counter type="INSTRUCTION" missed="0" covered="105"/><counter type="BRANCH" missed="0" covered="26"/><counter type="LINE" missed="0" covered="17"/><counter type="COMPLEXITY" missed="0" covered="14"/><counter type="METHOD" missed="0" covered="1"/></method><method name="insertar" desc="(Les/iespuertodelacruz/concesionario/api/Cliente;)V" line="82"><counter type="INSTRUCTION" missed="0" covered="25"/><counter type="BRANCH" missed="0" covered="2"/><counter type="LINE" missed="0" covered="7"/><counter type="COMPLEXITY" missed="0" covered="2"/><counter type="METHOD" missed="0" covered="1"/></method><method name="eliminar" desc="(Les/iespuertodelacruz/concesionario/api/Cliente;)V" line="100"><counter type="INSTRUCTION" missed="0" covered="25"/><counter type="BRANCH" missed="0" covered="2"/><counter type="LINE" missed="0" covered="7"/><counter type="COMPLEXITY" missed="0" covered="2"/><counter type="METHOD" missed="0" covered="1"/></method><method name="eliminar" desc="(Ljava/lang/String;)V" line="119"><counter type="INSTRUCTION" missed="0" covered="8"/><counter type="LINE" missed="0" covered="3"/><counter type="COMPLEXITY" missed="0" covered="1"/><counter type="METHOD" missed="0" covered="1"/></method><method name="modificar" desc="(Les/iespuertodelacruz/concesionario/api/Cliente;)V" line="133"><counter type="INSTRUCTION" missed="0" covered="28"/><counter type="BRANCH" missed="0" covered="2"/><counter type="LINE" missed="0" covered="8"/><counter type="COMPLEXITY" missed="0" covered="2"/><counter type="METHOD" missed="0" covered="1"/></method><method name="buscar" desc="(Ljava/lang/String;)Les/iespuertodelacruz/concesionario/api/Cliente;" line="151"><counter type="INSTRUCTION" missed="0" covered="9"/><counter type="LINE" missed="0" covered="3"/><counter type="COMPLEXITY" missed="0" covered="1"/><counter type="METHOD" missed="0" covered="1"/></method><method name="listadoClientes" desc="()Ljava/util/ArrayList;" line="162"><counter type="INSTRUCTION" missed="0" covered="4"/><counter type="LINE" missed="0" covered="1"/><counter type="COMPLEXITY" missed="0" covered="1"/><counter type="METHOD" missed="0" covered="1"/></method><method name="existe" desc="(Les/iespuertodelacruz/concesionario/api/Cliente;)Z" line="173"><counter type="INSTRUCTION" missed="0" covered="13"/><counter type="BRANCH" missed="0" covered="2"/><counter type="LINE" missed="0" covered="5"/><counter type="COMPLEXITY" missed="0" covered="2"/><counter type="METHOD" missed="0" covered="1"/></method><method name="generarPersona" desc="(Les/iespuertodelacruz/concesionario/api/Cliente;)Les/iespuertodelacruz/concesionario/api/Persona;" line="191"><counter type="INSTRUCTION" missed="0" covered="16"/><counter type="LINE" missed="0" covered="2"/><counter type="COMPLEXITY" missed="0" covered="1"/><counter type="METHOD" missed="0" covered="1"/></method><counter type="INSTRUCTION" missed="0" covered="261"/><counter type="BRANCH" missed="0" covered="34"/><counter type="LINE" missed="0" covered="61"/><counter type="COMPLEXITY" missed="0" covered="28"/><counter type="METHOD" missed="0" covered="11"/><counter type="CLASS" missed="0" covered="1"/></class><class name="es/iespuertodelacruz/concesionario/controlador/DireccionController" sourcefilename="DireccionController.java"><method name="&lt;init&gt;" desc="()V" line="18"><counter type="INSTRUCTION" missed="0" covered="8"/><counter type="LINE" missed="0" covered="3"/><counter type="COMPLEXITY" missed="0" covered="1"/><counter type="METHOD" missed="0" covered="1"/></method><method name="&lt;init&gt;" desc="(Z)V" line="27"><counter type="INSTRUCTION" missed="0" covered="9"/><counter type="LINE" missed="0" covered="3"/><counter type="COMPLEXITY" missed="0" covered="1"/><counter type="METHOD" missed="0" covered="1"/></method><method name="validarDireccion" desc="(Les/iespuertodelacruz/concesionario/api/Direccion;)V" line="38"><counter type="INSTRUCTION" missed="0" covered="94"/><counter type="BRANCH" missed="0" covered="24"/><counter type="LINE" missed="0" covered="17"/><counter type="COMPLEXITY" missed="0" covered="13"/><counter type="METHOD" missed="0" covered="1"/></method><method name="insertar" desc="(Les/iespuertodelacruz/concesionario/api/Direccion;)V" line="71"><counter type="INSTRUCTION" missed="0" covered="17"/><counter type="BRANCH" missed="0" covered="2"/><counter type="LINE" missed="0" covered="5"/><counter type="COMPLEXITY" missed="0" covered="2"/><counter type="METHOD" missed="0" covered="1"/></method><method name="eliminar" desc="(Les/iespuertodelacruz/concesionario/api/Direccion;)V" line="85"><counter type="INSTRUCTION" missed="0" covered="17"/><counter type="BRANCH" missed="0" covered="2"/><counter type="LINE" missed="0" covered="5"/><counter type="COMPLEXITY" missed="0" covered="2"/><counter type="METHOD" missed="0" covered="1"/></method><method name="eliminar" desc="(Ljava/lang/String;)V" line="100"><counter type="INSTRUCTION" missed="0" covered="8"/><counter type="LINE" missed="0" covered="3"/><counter type="COMPLEXITY" missed="0" covered="1"/><counter type="METHOD" missed="0" covered="1"/></method><method name="modificar" desc="(Les/iespuertodelacruz/concesionario/api/Direccion;)V" line="112"><counter type="INSTRUCTION" missed="0" covered="20"/><counter type="BRANCH" missed="0" covered="2"/><counter type="LINE" missed="0" covered="6"/><counter type="COMPLEXITY" missed="0" covered="2"/><counter type="METHOD" missed="0" covered="1"/></method><method name="buscar" desc="(Ljava/lang/String;)Les/iespuertodelacruz/concesionario/api/Direccion;" line="127"><counter type="INSTRUCTION" missed="0" covered="9"/><counter type="LINE" missed="0" covered="3"/><counter type="COMPLEXITY" missed="0" covered="1"/><counter type="METHOD" missed="0" covered="1"/></method><method name="existe" desc="(Les/iespuertodelacruz/concesionario/api/Direccion;)Z" line="139"><counter type="INSTRUCTION" missed="0" covered="13"/><counter type="BRANCH" missed="0" covered="2"/><counter type="LINE" missed="0" covered="5"/><counter type="COMPLEXITY" missed="0" covered="2"/><counter type="METHOD" missed="0" covered="1"/></method><counter type="INSTRUCTION" missed="0" covered="195"/><counter type="BRANCH" missed="0" covered="32"/><counter type="LINE" missed="0" covered="50"/><counter type="COMPLEXITY" missed="0" covered="25"/><counter type="METHOD" missed="0" covered="9"/><counter type="CLASS" missed="0" covered="1"/></class><sourcefile name="VentaController.java"><line nr="21" mi="0" ci="2" mb="0" cb="0"/><line nr="22" mi="0" ci="5" mb="0" cb="0"/><line nr="23" mi="0" ci="1" mb="0" cb="0"/><line nr="30" mi="0" ci="2" mb="0" cb="0"/><line nr="31" mi="0" ci="6" mb="0" cb="0"/><line nr="32" mi="0" ci="1" mb="0" cb="0"/><line nr="41" mi="0" ci="2" mb="0" cb="0"/><line nr="43" mi="0" ci="2" mb="0" cb="2"/><line nr="44" mi="0" ci="2" mb="0" cb="0"/><line nr="45" mi="0" ci="5" mb="0" cb="0"/><line nr="47" mi="0" ci="12" mb="0" cb="6"/><line nr="48" mi="0" ci="9" mb="0" cb="0"/><line nr="50" mi="0" ci="7" mb="0" cb="4"/><line nr="51" mi="0" ci="9" mb="0" cb="0"/><line nr="53" mi="0" ci="7" mb="0" cb="4"/><line nr="54" mi="0" ci="9" mb="0" cb="0"/><line nr="56" mi="0" ci="3" mb="0" cb="2"/><line nr="57" mi="0" ci="5" mb="0" cb="0"/><line nr="59" mi="0" ci="1" mb="0" cb="0"/><line nr="69" mi="0" ci="3" mb="0" cb="0"/><line nr="70" mi="0" ci="4" mb="0" cb="2"/><line nr="71" mi="0" ci="5" mb="0" cb="0"/><line nr="73" mi="0" ci="4" mb="0" cb="0"/><line nr="74" mi="0" ci="1" mb="0" cb="0"/><line nr="83" mi="0" ci="3" mb="0" cb="0"/><line nr="84" mi="0" ci="4" mb="0" cb="2"/><line nr="85" mi="0" ci="5" mb="0" cb="0"/><line nr="87" mi="0" ci="4" mb="0" cb="0"/><line nr="88" mi="0" ci="1" mb="0" cb="0"/><line nr="97" mi="0" ci="4" mb="0" cb="0"/><line nr="98" mi="0" ci="1" mb="0" cb="0"/><line nr="108" mi="0" ci="3" mb="0" cb="0"/><line nr="109" mi="0" ci="5" mb="0" cb="0"/><line nr="110" mi="0" ci="2" mb="0" cb="2"/><line nr="111" mi="0" ci="5" mb="0" cb="0"/><line nr="113" mi="0" ci="4" mb="0" cb="0"/><line nr="114" mi="0" ci="1" mb="0" cb="0"/><line nr="123" mi="0" ci="2" mb="0" cb="0"/><line nr="124" mi="0" ci="5" mb="0" cb="0"/><line nr="125" mi="0" ci="2" mb="0" cb="0"/><line nr="135" mi="0" ci="2" mb="0" cb="0"/><line nr="138" mi="0" ci="5" mb="0" cb="0"/><line nr="139" mi="0" ci="2" mb="0" cb="2"/><line nr="140" mi="0" ci="2" mb="0" cb="0"/><line nr="142" mi="0" ci="2" mb="0" cb="0"/><line nr="151" mi="0" ci="4" mb="0" cb="0"/><counter type="INSTRUCTION" missed="0" covered="175"/><counter type="BRANCH" missed="0" covered="26"/><counter type="LINE" missed="0" covered="46"/><counter type="COMPLEXITY" missed="0" covered="23"/><counter type="METHOD" missed="0" covered="10"/><counter type="CLASS" missed="0" covered="1"/></sourcefile><sourcefile name="EmpleadoController.java"><line nr="25" mi="0" ci="2" mb="0" cb="0"/><line nr="26" mi="0" ci="5" mb="0" cb="0"/><line nr="27" mi="0" ci="5" mb="0" cb="0"/><line nr="28" mi="0" ci="1" mb="0" cb="0"/><line nr="35" mi="0" ci="2" mb="0" cb="0"/><line nr="36" mi="0" ci="6" mb="0" cb="0"/><line nr="37" mi="0" ci="6" mb="0" cb="0"/><line nr="38" mi="0" ci="1" mb="0" cb="0"/><line nr="46" mi="0" ci="2" mb="0" cb="0"/><line nr="48" mi="0" ci="2" mb="0" cb="2"/><line nr="49" mi="0" ci="2" mb="0" cb="0"/><line nr="50" mi="0" ci="5" mb="0" cb="0"/><line nr="52" mi="0" ci="7" mb="0" cb="4"/><line nr="53" mi="0" ci="9" mb="0" cb="0"/><line nr="55" mi="0" ci="7" mb="0" cb="4"/><line nr="56" mi="0" ci="9" mb="0" cb="0"/><line nr="58" mi="0" ci="12" mb="0" cb="6"/><line nr="59" mi="0" ci="9" mb="0" cb="0"/><line nr="61" mi="0" ci="7" mb="0" cb="4"/><line nr="62" mi="0" ci="9" mb="0" cb="0"/><line nr="64" mi="0" ci="7" mb="0" cb="4"/><line nr="65" mi="0" ci="9" mb="0" cb="0"/><line nr="67" mi="0" ci="7" mb="0" cb="4"/><line nr="68" mi="0" ci="9" mb="0" cb="0"/><line nr="70" mi="0" ci="7" mb="0" cb="4"/><line nr="71" mi="0" ci="9" mb="0" cb="0"/><line nr="73" mi="0" ci="3" mb="0" cb="2"/><line nr="74" mi="0" ci="5" mb="0" cb="0"/><line nr="76" mi="0" ci="1" mb="0" cb="0"/><line nr="87" mi="0" ci="3" mb="0" cb="0"/><line nr="88" mi="0" ci="4" mb="0" cb="2"/><line nr="89" mi="0" ci="5" mb="0" cb="0"/><line nr="91" mi="0" ci="4" mb="0" cb="0"/><line nr="92" mi="0" ci="4" mb="0" cb="0"/><line nr="93" mi="0" ci="4" mb="0" cb="0"/><line nr="94" mi="0" ci="1" mb="0" cb="0"/><line nr="105" mi="0" ci="3" mb="0" cb="0"/><line nr="106" mi="0" ci="4" mb="0" cb="2"/><line nr="107" mi="0" ci="5" mb="0" cb="0"/><line nr="109" mi="0" ci="4" mb="0" cb="0"/><line nr="110" mi="0" ci="4" mb="0" cb="0"/><line nr="111" mi="0" ci="4" mb="0" cb="0"/><line nr="112" mi="0" ci="1" mb="0" cb="0"/><line nr="124" mi="0" ci="4" mb="0" cb="0"/><line nr="125" mi="0" ci="3" mb="0" cb="0"/><line nr="126" mi="0" ci="1" mb="0" cb="0"/><line nr="138" mi="0" ci="3" mb="0" cb="0"/><line nr="139" mi="0" ci="5" mb="0" cb="0"/><line nr="140" mi="0" ci="2" mb="0" cb="2"/><line nr="141" mi="0" ci="5" mb="0" cb="0"/><line nr="143" mi="0" ci="4" mb="0" cb="0"/><line nr="144" mi="0" ci="4" mb="0" cb="0"/><line nr="145" mi="0" ci="4" mb="0" cb="0"/><line nr="146" mi="0" ci="1" mb="0" cb="0"/><line nr="155" mi="0" ci="2" mb="0" cb="0"/><line nr="156" mi="0" ci="5" mb="0" cb="0"/><line nr="157" mi="0" ci="2" mb="0" cb="0"/><line nr="166" mi="0" ci="4" mb="0" cb="0"/><line nr="175" mi="0" ci="2" mb="0" cb="0"/><line nr="178" mi="0" ci="5" mb="0" cb="0"/><line nr="179" mi="0" ci="2" mb="0" cb="2"/><line nr="180" mi="0" ci="2" mb="0" cb="0"/><line nr="183" mi="0" ci="2" mb="0" cb="0"/><line nr="192" mi="0" ci="10" mb="0" cb="0"/><line nr="193" mi="0" ci="6" mb="0" cb="0"/><line nr="205" mi="0" ci="2" mb="0" cb="0"/><line nr="207" mi="0" ci="4" mb="0" cb="0"/><line nr="209" mi="0" ci="2" mb="0" cb="2"/><line nr="210" mi="0" ci="2" mb="0" cb="3"/><line nr="212" mi="0" ci="5" mb="0" cb="2"/><line nr="213" mi="0" ci="5" mb="0" cb="0"/><line nr="217" mi="0" ci="5" mb="0" cb="2"/><line nr="218" mi="0" ci="5" mb="0" cb="0"/><line nr="222" mi="0" ci="5" mb="0" cb="2"/><line nr="223" mi="0" ci="5" mb="0" cb="0"/><line nr="226" mi="0" ci="5" mb="0" cb="0"/><line nr="228" mi="0" ci="1" mb="0" cb="0"/><line nr="238" mi="2" ci="0" mb="0" cb="0"/><line nr="240" mi="4" ci="0" mb="0" cb="0"/><line nr="242" mi="2" ci="0" mb="2" cb="0"/><line nr="243" mi="5" ci="0" mb="2" cb="0"/><line nr="244" mi="17" ci="0" mb="0" cb="0"/><line nr="246" mi="3" ci="0" mb="0" cb="0"/><line nr="248" mi="5" ci="0" mb="0" cb="0"/><counter type="INSTRUCTION" missed="38" covered="339"/><counter type="BRANCH" missed="4" covered="53"/><counter type="LINE" missed="7" covered="77"/><counter type="COMPLEXITY" missed="3" covered="39"/><counter type="METHOD" missed="1" covered="12"/><counter type="CLASS" missed="0" covered="1"/></sourcefile><sourcefile name="PersonaController.java"><line nr="19" mi="0" ci="2" mb="0" cb="0"/><line nr="20" mi="0" ci="5" mb="0" cb="0"/><line nr="21" mi="0" ci="5" mb="0" cb="0"/><line nr="22" mi="0" ci="1" mb="0" cb="0"/><line nr="29" mi="0" ci="2" mb="0" cb="0"/><line nr="30" mi="0" ci="6" mb="0" cb="0"/><line nr="31" mi="0" ci="6" mb="0" cb="0"/><line nr="32" mi="0" ci="1" mb="0" cb="0"/><line nr="41" mi="0" ci="2" mb="0" cb="0"/><line nr="43" mi="0" ci="2" mb="0" cb="2"/><line nr="44" mi="0" ci="2" mb="0" cb="0"/><line nr="45" mi="0" ci="5" mb="0" cb="0"/><line nr="47" mi="0" ci="7" mb="0" cb="4"/><line nr="48" mi="0" ci="9" mb="0" cb="0"/><line nr="50" mi="0" ci="7" mb="0" cb="4"/><line nr="51" mi="0" ci="9" mb="0" cb="0"/><line nr="53" mi="0" ci="12" mb="0" cb="6"/><line nr="54" mi="0" ci="9" mb="0" cb="0"/><line nr="56" mi="0" ci="7" mb="0" cb="4"/><line nr="57" mi="0" ci="9" mb="0" cb="0"/><line nr="59" mi="0" ci="7" mb="0" cb="4"/><line nr="60" mi="0" ci="9" mb="0" cb="0"/><line nr="62" mi="0" ci="3" mb="0" cb="2"/><line nr="63" mi="0" ci="5" mb="0" cb="0"/><line nr="65" mi="0" ci="1" mb="0" cb="0"/><line nr="76" mi="0" ci="3" mb="0" cb="0"/><line nr="77" mi="0" ci="4" mb="0" cb="2"/><line nr="78" mi="0" ci="5" mb="0" cb="0"/><line nr="80" mi="0" ci="3" mb="0" cb="0"/><line nr="81" mi="0" ci="4" mb="0" cb="0"/><line nr="82" mi="0" ci="4" mb="0" cb="0"/><line nr="83" mi="0" ci="1" mb="0" cb="0"/><line nr="93" mi="0" ci="3" mb="0" cb="0"/><line nr="94" mi="0" ci="4" mb="0" cb="2"/><line nr="95" mi="0" ci="5" mb="0" cb="0"/><line nr="97" mi="0" ci="3" mb="0" cb="0"/><line nr="98" mi="0" ci="4" mb="0" cb="0"/><line nr="99" mi="0" ci="4" mb="0" cb="0"/><line nr="100" mi="0" ci="1" mb="0" cb="0"/><line nr="111" mi="0" ci="4" mb="0" cb="0"/><line nr="112" mi="0" ci="3" mb="0" cb="0"/><line nr="113" mi="0" ci="1" mb="0" cb="0"/><line nr="124" mi="0" ci="3" mb="0" cb="0"/><line nr="125" mi="0" ci="5" mb="0" cb="0"/><line nr="126" mi="0" ci="2" mb="0" cb="2"/><line nr="127" mi="0" ci="5" mb="0" cb="0"/><line nr="129" mi="0" ci="3" mb="0" cb="0"/><line nr="130" mi="0" ci="4" mb="0" cb="0"/><line nr="131" mi="0" ci="4" mb="0" cb="0"/><line nr="132" mi="0" ci="1" mb="0" cb="0"/><line nr="141" mi="0" ci="2" mb="0" cb="0"/><line nr="142" mi="0" ci="5" mb="0" cb="0"/><line nr="143" mi="0" ci="2" mb="0" cb="0"/><line nr="153" mi="0" ci="2" mb="0" cb="0"/><line nr="156" mi="0" ci="5" mb="0" cb="0"/><line nr="157" mi="0" ci="2" mb="0" cb="2"/><line nr="158" mi="0" ci="2" mb="0" cb="0"/><line nr="161" mi="0" ci="2" mb="0" cb="0"/><counter type="INSTRUCTION" missed="0" covered="238"/><counter type="BRANCH" missed="0" covered="34"/><counter type="LINE" missed="0" covered="58"/><counter type="COMPLEXITY" missed="0" covered="26"/><counter type="METHOD" missed="0" covered="9"/><counter type="CLASS" missed="0" covered="1"/></sourcefile><sourcefile name="DireccionController.java"><line nr="18" mi="0" ci="2" mb="0" cb="0"/><line nr="19" mi="0" ci="5" mb="0" cb="0"/><line nr="20" mi="0" ci="1" mb="0" cb="0"/><line nr="27" mi="0" ci="2" mb="0" cb="0"/><line nr="28" mi="0" ci="6" mb="0" cb="0"/><line nr="29" mi="0" ci="1" mb="0" cb="0"/><line nr="38" mi="0" ci="2" mb="0" cb="0"/><line nr="40" mi="0" ci="2" mb="0" cb="2"/><line nr="41" mi="0" ci="2" mb="0" cb="0"/><line nr="42" mi="0" ci="5" mb="0" cb="0"/><line nr="44" mi="0" ci="3" mb="0" cb="2"/><line nr="45" mi="0" ci="2" mb="0" cb="0"/><line nr="47" mi="0" ci="7" mb="0" cb="4"/><line nr="48" mi="0" ci="9" mb="0" cb="0"/><line nr="50" mi="0" ci="12" mb="0" cb="6"/><line nr="51" mi="0" ci="9" mb="0" cb="0"/><line nr="53" mi="0" ci="7" mb="0" cb="4"/><line nr="54" mi="0" ci="9" mb="0" cb="0"/><line nr="56" mi="0" ci="7" mb="0" cb="4"/><line nr="57" mi="0" ci="9" mb="0" cb="0"/><line nr="59" mi="0" ci="3" mb="0" cb="2"/><line nr="60" mi="0" ci="5" mb="0" cb="0"/><line nr="62" mi="0" ci="1" mb="0" cb="0"/><line nr="71" mi="0" ci="3" mb="0" cb="0"/><line nr="72" mi="0" ci="4" mb="0" cb="2"/><line nr="73" mi="0" ci="5" mb="0" cb="0"/><line nr="75" mi="0" ci="4" mb="0" cb="0"/><line nr="76" mi="0" ci="1" mb="0" cb="0"/><line nr="85" mi="0" ci="3" mb="0" cb="0"/><line nr="86" mi="0" ci="4" mb="0" cb="2"/><line nr="87" mi="0" ci="5" mb="0" cb="0"/><line nr="89" mi="0" ci="4" mb="0" cb="0"/><line nr="90" mi="0" ci="1" mb="0" cb="0"/><line nr="100" mi="0" ci="4" mb="0" cb="0"/><line nr="101" mi="0" ci="3" mb="0" cb="0"/><line nr="102" mi="0" ci="1" mb="0" cb="0"/><line nr="112" mi="0" ci="3" mb="0" cb="0"/><line nr="113" mi="0" ci="5" mb="0" cb="0"/><line nr="114" mi="0" ci="2" mb="0" cb="2"/><line nr="115" mi="0" ci="5" mb="0" cb="0"/><line nr="117" mi="0" ci="4" mb="0" cb="0"/><line nr="118" mi="0" ci="1" mb="0" cb="0"/><line nr="127" mi="0" ci="2" mb="0" cb="0"/><line nr="128" mi="0" ci="5" mb="0" cb="0"/><line nr="129" mi="0" ci="2" mb="0" cb="0"/><line nr="139" mi="0" ci="2" mb="0" cb="0"/><line nr="142" mi="0" ci="5" mb="0" cb="0"/><line nr="143" mi="0" ci="2" mb="0" cb="2"/><line nr="144" mi="0" ci="2" mb="0" cb="0"/><line nr="147" mi="0" ci="2" mb="0" cb="0"/><counter type="INSTRUCTION" missed="0" covered="195"/><counter type="BRANCH" missed="0" covered="32"/><counter type="LINE" missed="0" covered="50"/><counter type="COMPLEXITY" missed="0" covered="25"/><counter type="METHOD" missed="0" covered="9"/><counter type="CLASS" missed="0" covered="1"/></sourcefile><sourcefile name="VehiculoController.java"><line nr="20" mi="0" ci="2" mb="0" cb="0"/><line nr="21" mi="0" ci="5" mb="0" cb="0"/><line nr="22" mi="0" ci="1" mb="0" cb="0"/><line nr="29" mi="0" ci="2" mb="0" cb="0"/><line nr="30" mi="0" ci="6" mb="0" cb="0"/><line nr="31" mi="0" ci="1" mb="0" cb="0"/><line nr="40" mi="0" ci="2" mb="0" cb="0"/><line nr="42" mi="0" ci="2" mb="0" cb="2"/><line nr="43" mi="0" ci="2" mb="0" cb="0"/><line nr="44" mi="0" ci="5" mb="0" cb="0"/><line nr="46" mi="0" ci="12" mb="0" cb="6"/><line nr="47" mi="0" ci="9" mb="0" cb="0"/><line nr="49" mi="0" ci="7" mb="0" cb="4"/><line nr="50" mi="0" ci="9" mb="0" cb="0"/><line nr="52" mi="0" ci="7" mb="0" cb="4"/><line nr="53" mi="0" ci="9" mb="0" cb="0"/><line nr="55" mi="0" ci="7" mb="0" cb="4"/><line nr="56" mi="0" ci="9" mb="0" cb="0"/><line nr="58" mi="0" ci="5" mb="0" cb="2"/><line nr="59" mi="0" ci="9" mb="0" cb="0"/><line nr="61" mi="0" ci="7" mb="0" cb="4"/><line nr="62" mi="0" ci="9" mb="0" cb="0"/><line nr="64" mi="0" ci="3" mb="0" cb="2"/><line nr="65" mi="0" ci="9" mb="0" cb="0"/><line nr="67" mi="0" ci="7" mb="0" cb="4"/><line nr="68" mi="0" ci="9" mb="0" cb="0"/><line nr="70" mi="0" ci="7" mb="0" cb="4"/><line nr="71" mi="0" ci="9" mb="0" cb="0"/><line nr="73" mi="0" ci="7" mb="0" cb="4"/><line nr="74" mi="0" ci="9" mb="0" cb="0"/><line nr="76" mi="0" ci="3" mb="0" cb="2"/><line nr="77" mi="0" ci="5" mb="0" cb="0"/><line nr="79" mi="0" ci="1" mb="0" cb="0"/><line nr="89" mi="0" ci="3" mb="0" cb="0"/><line nr="90" mi="0" ci="4" mb="0" cb="2"/><line nr="91" mi="0" ci="5" mb="0" cb="0"/><line nr="93" mi="0" ci="4" mb="0" cb="0"/><line nr="94" mi="0" ci="1" mb="0" cb="0"/><line nr="103" mi="0" ci="3" mb="0" cb="0"/><line nr="104" mi="0" ci="4" mb="0" cb="2"/><line nr="105" mi="0" ci="5" mb="0" cb="0"/><line nr="107" mi="0" ci="4" mb="0" cb="0"/><line nr="108" mi="0" ci="1" mb="0" cb="0"/><line nr="118" mi="0" ci="4" mb="0" cb="0"/><line nr="119" mi="0" ci="3" mb="0" cb="0"/><line nr="120" mi="0" ci="1" mb="0" cb="0"/><line nr="130" mi="0" ci="3" mb="0" cb="0"/><line nr="131" mi="0" ci="5" mb="0" cb="0"/><line nr="132" mi="0" ci="2" mb="0" cb="2"/><line nr="133" mi="0" ci="5" mb="0" cb="0"/><line nr="135" mi="0" ci="4" mb="0" cb="0"/><line nr="136" mi="0" ci="1" mb="0" cb="0"/><line nr="145" mi="0" ci="2" mb="0" cb="0"/><line nr="146" mi="0" ci="5" mb="0" cb="0"/><line nr="147" mi="0" ci="2" mb="0" cb="0"/><line nr="157" mi="0" ci="2" mb="0" cb="0"/><line nr="160" mi="0" ci="5" mb="0" cb="0"/><line nr="161" mi="0" ci="2" mb="0" cb="2"/><line nr="162" mi="0" ci="2" mb="0" cb="0"/><line nr="165" mi="0" ci="2" mb="0" cb="0"/><line nr="174" mi="0" ci="4" mb="0" cb="0"/><counter type="INSTRUCTION" missed="0" covered="284"/><counter type="BRANCH" missed="0" covered="50"/><counter type="LINE" missed="0" covered="61"/><counter type="COMPLEXITY" missed="0" covered="35"/><counter type="METHOD" missed="0" covered="10"/><counter type="CLASS" missed="0" covered="1"/></sourcefile><sourcefile name="Validaciones.java"><line nr="9" mi="0" ci="2" mb="0" cb="0"/><line nr="10" mi="0" ci="3" mb="0" cb="0"/><line nr="11" mi="0" ci="3" mb="0" cb="0"/><line nr="12" mi="0" ci="4" mb="0" cb="0"/><line nr="24" mi="0" ci="2" mb="0" cb="0"/><line nr="26" mi="0" ci="5" mb="0" cb="0"/><line nr="27" mi="0" ci="6" mb="0" cb="0"/><line nr="28" mi="0" ci="4" mb="0" cb="0"/><line nr="30" mi="0" ci="2" mb="0" cb="0"/><line nr="39" mi="0" ci="2" mb="0" cb="0"/><line nr="40" mi="0" ci="5" mb="0" cb="0"/><line nr="41" mi="0" ci="6" mb="0" cb="0"/><line nr="42" mi="0" ci="4" mb="0" cb="0"/><line nr="43" mi="0" ci="2" mb="0" cb="0"/><line nr="52" mi="0" ci="2" mb="0" cb="0"/><line nr="53" mi="0" ci="5" mb="0" cb="0"/><line nr="54" mi="0" ci="6" mb="0" cb="0"/><line nr="55" mi="0" ci="4" mb="0" cb="0"/><line nr="56" mi="0" ci="2" mb="0" cb="0"/><counter type="INSTRUCTION" missed="0" covered="69"/><counter type="LINE" missed="0" covered="19"/><counter type="COMPLEXITY" missed="0" covered="4"/><counter type="METHOD" missed="0" covered="4"/><counter type="CLASS" missed="0" covered="1"/></sourcefile><sourcefile name="ClienteController.java"><line nr="24" mi="0" ci="2" mb="0" cb="0"/><line nr="25" mi="0" ci="5" mb="0" cb="0"/><line nr="26" mi="0" ci="5" mb="0" cb="0"/><line nr="27" mi="0" ci="1" mb="0" cb="0"/><line nr="34" mi="0" ci="2" mb="0" cb="0"/><line nr="35" mi="0" ci="6" mb="0" cb="0"/><line nr="36" mi="0" ci="6" mb="0" cb="0"/><line nr="37" mi="0" ci="1" mb="0" cb="0"/><line nr="46" mi="0" ci="2" mb="0" cb="0"/><line nr="48" mi="0" ci="2" mb="0" cb="2"/><line nr="49" mi="0" ci="2" mb="0" cb="0"/><line nr="50" mi="0" ci="5" mb="0" cb="0"/><line nr="52" mi="0" ci="7" mb="0" cb="4"/><line nr="53" mi="0" ci="9" mb="0" cb="0"/><line nr="55" mi="0" ci="7" mb="0" cb="4"/><line nr="56" mi="0" ci="9" mb="0" cb="0"/><line nr="58" mi="0" ci="12" mb="0" cb="6"/><line nr="59" mi="0" ci="9" mb="0" cb="0"/><line nr="61" mi="0" ci="7" mb="0" cb="4"/><line nr="62" mi="0" ci="9" mb="0" cb="0"/><line nr="64" mi="0" ci="7" mb="0" cb="4"/><line nr="65" mi="0" ci="9" mb="0" cb="0"/><line nr="67" mi="0" ci="3" mb="0" cb="2"/><line nr="68" mi="0" ci="5" mb="0" cb="0"/><line nr="70" mi="0" ci="1" mb="0" cb="0"/><line nr="82" mi="0" ci="3" mb="0" cb="0"/><line nr="83" mi="0" ci="4" mb="0" cb="2"/><line nr="84" mi="0" ci="5" mb="0" cb="0"/><line nr="86" mi="0" ci="4" mb="0" cb="0"/><line nr="87" mi="0" ci="4" mb="0" cb="0"/><line nr="88" mi="0" ci="4" mb="0" cb="0"/><line nr="89" mi="0" ci="1" mb="0" cb="0"/><line nr="100" mi="0" ci="3" mb="0" cb="0"/><line nr="101" mi="0" ci="4" mb="0" cb="2"/><line nr="102" mi="0" ci="5" mb="0" cb="0"/><line nr="104" mi="0" ci="4" mb="0" cb="0"/><line nr="105" mi="0" ci="4" mb="0" cb="0"/><line nr="106" mi="0" ci="4" mb="0" cb="0"/><line nr="107" mi="0" ci="1" mb="0" cb="0"/><line nr="119" mi="0" ci="4" mb="0" cb="0"/><line nr="120" mi="0" ci="3" mb="0" cb="0"/><line nr="121" mi="0" ci="1" mb="0" cb="0"/><line nr="133" mi="0" ci="3" mb="0" cb="0"/><line nr="134" mi="0" ci="5" mb="0" cb="0"/><line nr="135" mi="0" ci="2" mb="0" cb="2"/><line nr="136" mi="0" ci="5" mb="0" cb="0"/><line nr="138" mi="0" ci="4" mb="0" cb="0"/><line nr="139" mi="0" ci="4" mb="0" cb="0"/><line nr="140" mi="0" ci="4" mb="0" cb="0"/><line nr="141" mi="0" ci="1" mb="0" cb="0"/><line nr="151" mi="0" ci="2" mb="0" cb="0"/><line nr="152" mi="0" ci="5" mb="0" cb="0"/><line nr="153" mi="0" ci="2" mb="0" cb="0"/><line nr="162" mi="0" ci="4" mb="0" cb="0"/><line nr="173" mi="0" ci="2" mb="0" cb="0"/><line nr="176" mi="0" ci="5" mb="0" cb="0"/><line nr="177" mi="0" ci="2" mb="0" cb="2"/><line nr="178" mi="0" ci="2" mb="0" cb="0"/><line nr="181" mi="0" ci="2" mb="0" cb="0"/><line nr="191" mi="0" ci="10" mb="0" cb="0"/><line nr="192" mi="0" ci="6" mb="0" cb="0"/><counter type="INSTRUCTION" missed="0" covered="261"/><counter type="BRANCH" missed="0" covered="34"/><counter type="LINE" missed="0" covered="61"/><counter type="COMPLEXITY" missed="0" covered="28"/><counter type="METHOD" missed="0" covered="11"/><counter type="CLASS" missed="0" covered="1"/></sourcefile><counter type="INSTRUCTION" missed="38" covered="1561"/><counter type="BRANCH" missed="4" covered="229"/><counter type="LINE" missed="7" covered="372"/><counter type="COMPLEXITY" missed="3" covered="180"/><counter type="METHOD" missed="1" covered="65"/><counter type="CLASS" missed="0" covered="7"/></package><package name="es/iespuertodelacruz/concesionario/api"><class name="es/iespuertodelacruz/concesionario/api/Cliente" sourcefilename="Cliente.java"><method name="&lt;init&gt;" desc="()V" line="12"><counter type="INSTRUCTION" missed="0" covered="3"/><counter type="LINE" missed="0" covered="2"/><counter type="COMPLEXITY" missed="0" covered="1"/><counter type="METHOD" missed="0" covered="1"/></method><method name="&lt;init&gt;" desc="(Ljava/lang/String;Ljava/lang/String;Ljava/lang/String;Ljava/lang/String;Ljava/lang/String;Ljava/lang/String;Les/iespuertodelacruz/concesionario/api/Direccion;)V" line="27"><counter type="INSTRUCTION" missed="0" covered="12"/><counter type="LINE" missed="0" covered="3"/><counter type="COMPLEXITY" missed="0" covered="1"/><counter type="METHOD" missed="0" covered="1"/></method><method name="getCodigoCliente" desc="()Ljava/lang/String;" line="37"><counter type="INSTRUCTION" missed="0" covered="3"/><counter type="LINE" missed="0" covered="1"/><counter type="COMPLEXITY" missed="0" covered="1"/><counter type="METHOD" missed="0" covered="1"/></method><method name="setCodigoCliente" desc="(Ljava/lang/String;)V" line="45"><counter type="INSTRUCTION" missed="0" covered="4"/><counter type="LINE" missed="0" covered="2"/><counter type="COMPLEXITY" missed="0" covered="1"/><counter type="METHOD" missed="0" covered="1"/></method><method name="toString" desc="()Ljava/lang/String;" line="54"><counter type="INSTRUCTION" missed="0" covered="13"/><counter type="LINE" missed="0" covered="1"/><counter type="COMPLEXITY" missed="0" covered="1"/><counter type="METHOD" missed="0" covered="1"/></method><counter type="INSTRUCTION" missed="0" covered="35"/><counter type="LINE" missed="0" covered="9"/><counter type="COMPLEXITY" missed="0" covered="5"/><counter type="METHOD" missed="0" covered="5"/><counter type="CLASS" missed="0" covered="1"/></class><class name="es/iespuertodelacruz/concesionario/api/Direccion" sourcefilename="Direccion.java"><method name="&lt;init&gt;" desc="()V" line="17"><counter type="INSTRUCTION" missed="0" covered="3"/><counter type="LINE" missed="0" covered="2"/><counter type="COMPLEXITY" missed="0" covered="1"/><counter type="METHOD" missed="0" covered="1"/></method><method name="&lt;init&gt;" desc="(Ljava/lang/String;Ljava/lang/String;ILjava/lang/String;Ljava/lang/String;Ljava/lang/String;Ljava/lang/String;)V" line="31"><counter type="INSTRUCTION" missed="0" covered="24"/><counter type="LINE" missed="0" covered="9"/><counter type="COMPLEXITY" missed="0" covered="1"/><counter type="METHOD" missed="0" covered="1"/></method><method name="getIdentificador" desc="()Ljava/lang/String;" line="47"><counter type="INSTRUCTION" missed="0" covered="3"/><counter type="LINE" missed="0" covered="1"/><counter type="COMPLEXITY" missed="0" covered="1"/><counter type="METHOD" missed="0" covered="1"/></method><method name="setIdentificador" desc="(Ljava/lang/String;)V" line="55"><counter type="INSTRUCTION" missed="0" covered="4"/><counter type="LINE" missed="0" covered="2"/><counter type="COMPLEXITY" missed="0" covered="1"/><counter type="METHOD" missed="0" covered="1"/></method><method name="getCalle" desc="()Ljava/lang/String;" line="63"><counter type="INSTRUCTION" missed="0" covered="3"/><counter type="LINE" missed="0" covered="1"/><counter type="COMPLEXITY" missed="0" covered="1"/><counter type="METHOD" missed="0" covered="1"/></method><method name="setCalle" desc="(Ljava/lang/String;)V" line="71"><counter type="INSTRUCTION" missed="0" covered="4"/><counter type="LINE" missed="0" covered="2"/><counter type="COMPLEXITY" missed="0" covered="1"/><counter type="METHOD" missed="0" covered="1"/></method><method name="getNumero" desc="()I" line="79"><counter type="INSTRUCTION" missed="0" covered="3"/><counter type="LINE" missed="0" covered="1"/><counter type="COMPLEXITY" missed="0" covered="1"/><counter type="METHOD" missed="0" covered="1"/></method><method name="setNumero" desc="(I)V" line="87"><counter type="INSTRUCTION" missed="0" covered="4"/><counter type="LINE" missed="0" covered="2"/><counter type="COMPLEXITY" missed="0" covered="1"/><counter type="METHOD" missed="0" covered="1"/></method><method name="getCodigoPostal" desc="()Ljava/lang/String;" line="95"><counter type="INSTRUCTION" missed="0" covered="3"/><counter type="LINE" missed="0" covered="1"/><counter type="COMPLEXITY" missed="0" covered="1"/><counter type="METHOD" missed="0" covered="1"/></method><method name="setCodigoPostal" desc="(Ljava/lang/String;)V" line="103"><counter type="INSTRUCTION" missed="0" covered="4"/><counter type="LINE" missed="0" covered="2"/><counter type="COMPLEXITY" missed="0" covered="1"/><counter type="METHOD" missed="0" covered="1"/></method><method name="getProvincia" desc="()Ljava/lang/String;" line="111"><counter type="INSTRUCTION" missed="0" covered="3"/><counter type="LINE" missed="0" covered="1"/><counter type="COMPLEXITY" missed="0" covered="1"/><counter type="METHOD" missed="0" covered="1"/></method><method name="setProvincia" desc="(Ljava/lang/String;)V" line="119"><counter type="INSTRUCTION" missed="0" covered="4"/><counter type="LINE" missed="0" covered="2"/><counter type="COMPLEXITY" missed="0" covered="1"/><counter type="METHOD" missed="0" covered="1"/></method><method name="getCiudad" desc="()Ljava/lang/String;" line="127"><counter type="INSTRUCTION" missed="0" covered="3"/><counter type="LINE" missed="0" covered="1"/><counter type="COMPLEXITY" missed="0" covered="1"/><counter type="METHOD" missed="0" covered="1"/></method><method name="setCiudad" desc="(Ljava/lang/String;)V" line="135"><counter type="INSTRUCTION" missed="0" covered="4"/><counter type="LINE" missed="0" covered="2"/><counter type="COMPLEXITY" missed="0" covered="1"/><counter type="METHOD" missed="0" covered="1"/></method><method name="getPais" desc="()Ljava/lang/String;" line="143"><counter type="INSTRUCTION" missed="0" covered="3"/><counter type="LINE" missed="0" covered="1"/><counter type="COMPLEXITY" missed="0" covered="1"/><counter type="METHOD" missed="0" covered="1"/></method><method name="setPais" desc="(Ljava/lang/String;)V" line="151"><counter type="INSTRUCTION" missed="0" covered="4"/><counter type="LINE" missed="0" covered="2"/><counter type="COMPLEXITY" missed="0" covered="1"/><counter type="METHOD" missed="0" covered="1"/></method><method name="toString" desc="()Ljava/lang/String;" line="160"><counter type="INSTRUCTION" missed="0" covered="36"/><counter type="LINE" missed="0" covered="2"/><counter type="COMPLEXITY" missed="0" covered="1"/><counter type="METHOD" missed="0" covered="1"/></method><counter type="INSTRUCTION" missed="0" covered="112"/><counter type="LINE" missed="0" covered="34"/><counter type="COMPLEXITY" missed="0" covered="17"/><counter type="METHOD" missed="0" covered="17"/><counter type="CLASS" missed="0" covered="1"/></class><class name="es/iespuertodelacruz/concesionario/api/Vehiculo" sourcefilename="Vehiculo.java"><method name="&lt;init&gt;" desc="()V" line="22"><counter type="INSTRUCTION" missed="0" covered="3"/><counter type="LINE" missed="0" covered="2"/><counter type="COMPLEXITY" missed="0" covered="1"/><counter type="METHOD" missed="0" covered="1"/></method><method name="&lt;init&gt;" desc="(Ljava/lang/String;Ljava/lang/String;Ljava/lang/String;Ljava/lang/String;Ljava/lang/String;DLjava/lang/String;Ljava/lang/String;ILjava/lang/String;Ljava/lang/String;Ljava/lang/String;)V" line="42"><counter type="INSTRUCTION" missed="0" covered="39"/><counter type="LINE" missed="0" covered="14"/><counter type="COMPLEXITY" missed="0" covered="1"/><counter type="METHOD" missed="0" covered="1"/></method><method name="getEstado" desc="()Ljava/lang/String;" line="61"><counter type="INSTRUCTION" missed="0" covered="3"/><counter type="LINE" missed="0" covered="1"/><counter type="COMPLEXITY" missed="0" covered="1"/><counter type="METHOD" missed="0" covered="1"/></method><method name="setEstado" desc="(Ljava/lang/String;)V" line="68"><counter type="INSTRUCTION" missed="0" covered="4"/><counter type="LINE" missed="0" covered="2"/><counter type="COMPLEXITY" missed="0" covered="1"/><counter type="METHOD" missed="0" covered="1"/></method><method name="getBastidor" desc="()Ljava/lang/String;" line="77"><counter type="INSTRUCTION" missed="0" covered="3"/><counter type="LINE" missed="0" covered="1"/><counter type="COMPLEXITY" missed="0" covered="1"/><counter type="METHOD" missed="0" covered="1"/></method><method name="setBastidor" desc="(Ljava/lang/String;)V" line="85"><counter type="INSTRUCTION" missed="0" covered="4"/><counter type="LINE" missed="0" covered="2"/><counter type="COMPLEXITY" missed="0" covered="1"/><counter type="METHOD" missed="0" covered="1"/></method><method name="getMatricula" desc="()Ljava/lang/String;" line="93"><counter type="INSTRUCTION" missed="0" covered="3"/><counter type="LINE" missed="0" covered="1"/><counter type="COMPLEXITY" missed="0" covered="1"/><counter type="METHOD" missed="0" covered="1"/></method><method name="setMatricula" desc="(Ljava/lang/String;)V" line="101"><counter type="INSTRUCTION" missed="0" covered="4"/><counter type="LINE" missed="0" covered="2"/><counter type="COMPLEXITY" missed="0" covered="1"/><counter type="METHOD" missed="0" covered="1"/></method><method name="getMarca" desc="()Ljava/lang/String;" line="109"><counter type="INSTRUCTION" missed="0" covered="3"/><counter type="LINE" missed="0" covered="1"/><counter type="COMPLEXITY" missed="0" covered="1"/><counter type="METHOD" missed="0" covered="1"/></method><method name="setMarca" desc="(Ljava/lang/String;)V" line="117"><counter type="INSTRUCTION" missed="0" covered="4"/><counter type="LINE" missed="0" covered="2"/><counter type="COMPLEXITY" missed="0" covered="1"/><counter type="METHOD" missed="0" covered="1"/></method><method name="getModelo" desc="()Ljava/lang/String;" line="125"><counter type="INSTRUCTION" missed="0" covered="3"/><counter type="LINE" missed="0" covered="1"/><counter type="COMPLEXITY" missed="0" covered="1"/><counter type="METHOD" missed="0" covered="1"/></method><method name="setModelo" desc="(Ljava/lang/String;)V" line="133"><counter type="INSTRUCTION" missed="0" covered="4"/><counter type="LINE" missed="0" covered="2"/><counter type="COMPLEXITY" missed="0" covered="1"/><counter type="METHOD" missed="0" covered="1"/></method><method name="getColor" desc="()Ljava/lang/String;" line="141"><counter type="INSTRUCTION" missed="0" covered="3"/><counter type="LINE" missed="0" covered="1"/><counter type="COMPLEXITY" missed="0" covered="1"/><counter type="METHOD" missed="0" covered="1"/></method><method name="setColor" desc="(Ljava/lang/String;)V" line="149"><counter type="INSTRUCTION" missed="0" covered="4"/><counter type="LINE" missed="0" covered="2"/><counter type="COMPLEXITY" missed="0" covered="1"/><counter type="METHOD" missed="0" covered="1"/></method><method name="getPrecio" desc="()D" line="157"><counter type="INSTRUCTION" missed="0" covered="3"/><counter type="LINE" missed="0" covered="1"/><counter type="COMPLEXITY" missed="0" covered="1"/><counter type="METHOD" missed="0" covered="1"/></method><method name="setPrecio" desc="(D)V" line="165"><counter type="INSTRUCTION" missed="0" covered="4"/><counter type="LINE" missed="0" covered="2"/><counter type="COMPLEXITY" missed="0" covered="1"/><counter type="METHOD" missed="0" covered="1"/></method><method name="getExtrasInstalados" desc="()Ljava/lang/String;" line="173"><counter type="INSTRUCTION" missed="0" covered="3"/><counter type="LINE" missed="0" covered="1"/><counter type="COMPLEXITY" missed="0" covered="1"/><counter type="METHOD" missed="0" covered="1"/></method><method name="setExtrasInstalados" desc="(Ljava/lang/String;)V" line="181"><counter type="INSTRUCTION" missed="0" covered="4"/><counter type="LINE" missed="0" covered="2"/><counter type="COMPLEXITY" missed="0" covered="1"/><counter type="METHOD" missed="0" covered="1"/></method><method name="getMotor" desc="()Ljava/lang/String;" line="189"><counter type="INSTRUCTION" missed="0" covered="3"/><counter type="LINE" missed="0" covered="1"/><counter type="COMPLEXITY" missed="0" covered="1"/><counter type="METHOD" missed="0" covered="1"/></method><method name="setMotor" desc="(Ljava/lang/String;)V" line="197"><counter type="INSTRUCTION" missed="0" covered="4"/><counter type="LINE" missed="0" covered="2"/><counter type="COMPLEXITY" missed="0" covered="1"/><counter type="METHOD" missed="0" covered="1"/></method><method name="getPotencia" desc="()I" line="205"><counter type="INSTRUCTION" missed="0" covered="3"/><counter type="LINE" missed="0" covered="1"/><counter type="COMPLEXITY" missed="0" covered="1"/><counter type="METHOD" missed="0" covered="1"/></method><method name="setPotencia" desc="(I)V" line="213"><counter type="INSTRUCTION" missed="0" covered="4"/><counter type="LINE" missed="0" covered="2"/><counter type="COMPLEXITY" missed="0" covered="1"/><counter type="METHOD" missed="0" covered="1"/></method><method name="getCilindrada" desc="()Ljava/lang/String;" line="221"><counter type="INSTRUCTION" missed="0" covered="3"/><counter type="LINE" missed="0" covered="1"/><counter type="COMPLEXITY" missed="0" covered="1"/><counter type="METHOD" missed="0" covered="1"/></method><method name="setCilindrada" desc="(Ljava/lang/String;)V" line="229"><counter type="INSTRUCTION" missed="0" covered="4"/><counter type="LINE" missed="0" covered="2"/><counter type="COMPLEXITY" missed="0" covered="1"/><counter type="METHOD" missed="0" covered="1"/></method><method name="getTipo" desc="()Ljava/lang/String;" line="237"><counter type="INSTRUCTION" missed="0" covered="3"/><counter type="LINE" missed="0" covered="1"/><counter type="COMPLEXITY" missed="0" covered="1"/><counter type="METHOD" missed="0" covered="1"/></method><method name="setTipo" desc="(Ljava/lang/String;)V" line="245"><counter type="INSTRUCTION" missed="0" covered="4"/><counter type="LINE" missed="0" covered="2"/><counter type="COMPLEXITY" missed="0" covered="1"/><counter type="METHOD" missed="0" covered="1"/></method><method name="toString" desc="()Ljava/lang/String;" line="253"><counter type="INSTRUCTION" missed="0" covered="63"/><counter type="LINE" missed="0" covered="3"/><counter type="COMPLEXITY" missed="0" covered="1"/><counter type="METHOD" missed="0" covered="1"/></method><counter type="INSTRUCTION" missed="0" covered="189"/><counter type="LINE" missed="0" covered="55"/><counter type="COMPLEXITY" missed="0" covered="27"/><counter type="METHOD" missed="0" covered="27"/><counter type="CLASS" missed="0" covered="1"/></class><class name="es/iespuertodelacruz/concesionario/api/Empleado" sourcefilename="Empleado.java"><method name="&lt;init&gt;" desc="()V" line="14"><counter type="INSTRUCTION" missed="0" covered="3"/><counter type="LINE" missed="0" covered="2"/><counter type="COMPLEXITY" missed="0" covered="1"/><counter type="METHOD" missed="0" covered="1"/></method><method name="&lt;init&gt;" desc="(Ljava/lang/String;Ljava/lang/String;Ljava/lang/String;Ljava/lang/String;Ljava/lang/String;Ljava/lang/String;Les/iespuertodelacruz/concesionario/api/Direccion;Ljava/lang/String;Ljava/lang/String;)V" line="32"><counter type="INSTRUCTION" missed="0" covered="18"/><counter type="LINE" missed="0" covered="5"/><counter type="COMPLEXITY" missed="0" covered="1"/><counter type="METHOD" missed="0" covered="1"/></method><method name="getCodigoEmpleado" desc="()Ljava/lang/String;" line="44"><counter type="INSTRUCTION" missed="0" covered="3"/><counter type="LINE" missed="0" covered="1"/><counter type="COMPLEXITY" missed="0" covered="1"/><counter type="METHOD" missed="0" covered="1"/></method><method name="setCodigoEmpleado" desc="(Ljava/lang/String;)V" line="52"><counter type="INSTRUCTION" missed="0" covered="4"/><counter type="LINE" missed="0" covered="2"/><counter type="COMPLEXITY" missed="0" covered="1"/><counter type="METHOD" missed="0" covered="1"/></method><method name="getRango" desc="()Ljava/lang/String;" line="60"><counter type="INSTRUCTION" missed="0" covered="3"/><counter type="LINE" missed="0" covered="1"/><counter type="COMPLEXITY" missed="0" covered="1"/><counter type="METHOD" missed="0" covered="1"/></method><method name="setRango" desc="(Ljava/lang/String;)V" line="68"><counter type="INSTRUCTION" missed="0" covered="4"/><counter type="LINE" missed="0" covered="2"/><counter type="COMPLEXITY" missed="0" covered="1"/><counter type="METHOD" missed="0" covered="1"/></method><method name="getContrasenia" desc="()Ljava/lang/String;" line="76"><counter type="INSTRUCTION" missed="0" covered="3"/><counter type="LINE" missed="0" covered="1"/><counter type="COMPLEXITY" missed="0" covered="1"/><counter type="METHOD" missed="0" covered="1"/></method><method name="setContrasenia" desc="(Ljava/lang/String;)V" line="84"><counter type="INSTRUCTION" missed="0" covered="4"/><counter type="LINE" missed="0" covered="2"/><counter type="COMPLEXITY" missed="0" covered="1"/><counter type="METHOD" missed="0" covered="1"/></method><method name="toString" desc="()Ljava/lang/String;" line="92"><counter type="INSTRUCTION" missed="0" covered="18"/><counter type="LINE" missed="0" covered="1"/><counter type="COMPLEXITY" missed="0" covered="1"/><counter type="METHOD" missed="0" covered="1"/></method><counter type="INSTRUCTION" missed="0" covered="60"/><counter type="LINE" missed="0" covered="17"/><counter type="COMPLEXITY" missed="0" covered="9"/><counter type="METHOD" missed="0" covered="9"/><counter type="CLASS" missed="0" covered="1"/></class><class name="es/iespuertodelacruz/concesionario/api/Venta" sourcefilename="Venta.java"><method name="&lt;init&gt;" desc="()V" line="16"><counter type="INSTRUCTION" missed="0" covered="3"/><counter type="LINE" missed="0" covered="2"/><counter type="COMPLEXITY" missed="0" covered="1"/><counter type="METHOD" missed="0" covered="1"/></method><method name="&lt;init&gt;" desc="(Ljava/lang/String;Ljava/lang/String;Ljava/lang/String;Ljava/lang/String;)V" line="26"><counter type="INSTRUCTION" missed="0" covered="15"/><counter type="LINE" missed="0" covered="6"/><counter type="COMPLEXITY" missed="0" covered="1"/><counter type="METHOD" missed="0" covered="1"/></method><method name="getIdentificador" desc="()Ljava/lang/String;" line="39"><counter type="INSTRUCTION" missed="0" covered="3"/><counter type="LINE" missed="0" covered="1"/><counter type="COMPLEXITY" missed="0" covered="1"/><counter type="METHOD" missed="0" covered="1"/></method><method name="setIdentificador" desc="(Ljava/lang/String;)V" line="46"><counter type="INSTRUCTION" missed="0" covered="4"/><counter type="LINE" missed="0" covered="2"/><counter type="COMPLEXITY" missed="0" covered="1"/><counter type="METHOD" missed="0" covered="1"/></method><method name="getCodigoEmpleado" desc="()Ljava/lang/String;" line="54"><counter type="INSTRUCTION" missed="0" covered="3"/><counter type="LINE" missed="0" covered="1"/><counter type="COMPLEXITY" missed="0" covered="1"/><counter type="METHOD" missed="0" covered="1"/></method><method name="setCodigoEmpleado" desc="(Ljava/lang/String;)V" line="62"><counter type="INSTRUCTION" missed="0" covered="4"/><counter type="LINE" missed="0" covered="2"/><counter type="COMPLEXITY" missed="0" covered="1"/><counter type="METHOD" missed="0" covered="1"/></method><method name="getCodigoCliente" desc="()Ljava/lang/String;" line="70"><counter type="INSTRUCTION" missed="0" covered="3"/><counter type="LINE" missed="0" covered="1"/><counter type="COMPLEXITY" missed="0" covered="1"/><counter type="METHOD" missed="0" covered="1"/></method><method name="setCodigoCliente" desc="(Ljava/lang/String;)V" line="78"><counter type="INSTRUCTION" missed="0" covered="4"/><counter type="LINE" missed="0" covered="2"/><counter type="COMPLEXITY" missed="0" covered="1"/><counter type="METHOD" missed="0" covered="1"/></method><method name="getBastidor" desc="()Ljava/lang/String;" line="86"><counter type="INSTRUCTION" missed="0" covered="3"/><counter type="LINE" missed="0" covered="1"/><counter type="COMPLEXITY" missed="0" covered="1"/><counter type="METHOD" missed="0" covered="1"/></method><method name="setBastidor" desc="(Ljava/lang/String;)V" line="94"><counter type="INSTRUCTION" missed="0" covered="4"/><counter type="LINE" missed="0" covered="2"/><counter type="COMPLEXITY" missed="0" covered="1"/><counter type="METHOD" missed="0" covered="1"/></method><method name="toString" desc="()Ljava/lang/String;" line="103"><counter type="INSTRUCTION" missed="0" covered="23"/><counter type="LINE" missed="0" covered="2"/><counter type="COMPLEXITY" missed="0" covered="1"/><counter type="METHOD" missed="0" covered="1"/></method><counter type="INSTRUCTION" missed="0" covered="69"/><counter type="LINE" missed="0" covered="22"/><counter type="COMPLEXITY" missed="0" covered="11"/><counter type="METHOD" missed="0" covered="11"/><counter type="CLASS" missed="0" covered="1"/></class><class name="es/iespuertodelacruz/concesionario/api/Persona" sourcefilename="Persona.java"><method name="&lt;init&gt;" desc="()V" line="17"><counter type="INSTRUCTION" missed="0" covered="3"/><counter type="LINE" missed="0" covered="2"/><counter type="COMPLEXITY" missed="0" covered="1"/><counter type="METHOD" missed="0" covered="1"/></method><method name="&lt;init&gt;" desc="(Ljava/lang/String;Ljava/lang/String;Ljava/lang/String;Ljava/lang/String;Ljava/lang/String;Les/iespuertodelacruz/concesionario/api/Direccion;)V" line="30"><counter type="INSTRUCTION" missed="0" covered="21"/><counter type="LINE" missed="0" covered="8"/><counter type="COMPLEXITY" missed="0" covered="1"/><counter type="METHOD" missed="0" covered="1"/></method><method name="getNombre" desc="()Ljava/lang/String;" line="45"><counter type="INSTRUCTION" missed="0" covered="3"/><counter type="LINE" missed="0" covered="1"/><counter type="COMPLEXITY" missed="0" covered="1"/><counter type="METHOD" missed="0" covered="1"/></method><method name="setNombre" desc="(Ljava/lang/String;)V" line="53"><counter type="INSTRUCTION" missed="0" covered="4"/><counter type="LINE" missed="0" covered="2"/><counter type="COMPLEXITY" missed="0" covered="1"/><counter type="METHOD" missed="0" covered="1"/></method><method name="getApellidos" desc="()Ljava/lang/String;" line="61"><counter type="INSTRUCTION" missed="0" covered="3"/><counter type="LINE" missed="0" covered="1"/><counter type="COMPLEXITY" missed="0" covered="1"/><counter type="METHOD" missed="0" covered="1"/></method><method name="setApellidos" desc="(Ljava/lang/String;)V" line="69"><counter type="INSTRUCTION" missed="0" covered="4"/><counter type="LINE" missed="0" covered="2"/><counter type="COMPLEXITY" missed="0" covered="1"/><counter type="METHOD" missed="0" covered="1"/></method><method name="getDni" desc="()Ljava/lang/String;" line="77"><counter type="INSTRUCTION" missed="0" covered="3"/><counter type="LINE" missed="0" covered="1"/><counter type="COMPLEXITY" missed="0" covered="1"/><counter type="METHOD" missed="0" covered="1"/></method><method name="setDni" desc="(Ljava/lang/String;)V" line="85"><counter type="INSTRUCTION" missed="0" covered="4"/><counter type="LINE" missed="0" covered="2"/><counter type="COMPLEXITY" missed="0" covered="1"/><counter type="METHOD" missed="0" covered="1"/></method><method name="getFechaNacimiento" desc="()Ljava/lang/String;" line="93"><counter type="INSTRUCTION" missed="0" covered="3"/><counter type="LINE" missed="0" covered="1"/><counter type="COMPLEXITY" missed="0" covered="1"/><counter type="METHOD" missed="0" covered="1"/></method><method name="setFechaNacimiento" desc="(Ljava/lang/String;)V" line="101"><counter type="INSTRUCTION" missed="0" covered="4"/><counter type="LINE" missed="0" covered="2"/><counter type="COMPLEXITY" missed="0" covered="1"/><counter type="METHOD" missed="0" covered="1"/></method><method name="getTelefono" desc="()Ljava/lang/String;" line="109"><counter type="INSTRUCTION" missed="0" covered="3"/><counter type="LINE" missed="0" covered="1"/><counter type="COMPLEXITY" missed="0" covered="1"/><counter type="METHOD" missed="0" covered="1"/></method><method name="setTelefono" desc="(Ljava/lang/String;)V" line="117"><counter type="INSTRUCTION" missed="0" covered="4"/><counter type="LINE" missed="0" covered="2"/><co
[...]
RANCH" missed="2" covered="0"/><counter type="LINE" missed="21" covered="0"/><counter type="COMPLEXITY" missed="2" covered="0"/><counter type="METHOD" missed="1" covered="0"/></method><method name="generarDatosDireccion" desc="(Ljava/lang/String;)Les/iespuertodelacruz/concesionario/api/Direccion;" line="637"><counter type="INSTRUCTION" missed="53" covered="0"/><counter type="LINE" missed="15" covered="0"/><counter type="COMPLEXITY" missed="1" covered="0"/><counter type="METHOD" missed="1" covered="0"/></method><method name="pedirDatosVenta" desc="()Les/iespuertodelacruz/concesionario/api/Venta;" line="668"><counter type="INSTRUCTION" missed="31" covered="0"/><counter type="LINE" missed="9" covered="0"/><counter type="COMPLEXITY" missed="1" covered="0"/><counter type="METHOD" missed="1" covered="0"/></method><method name="pedirCredenciales" desc="(I)V" line="692"><counter type="INSTRUCTION" missed="18" covered="0"/><counter type="LINE" missed="6" covered="0"/><counter type="COMPLEXITY" missed="1" covered="0"/><counter type="METHOD" missed="1" covered="0"/></method><method name="validarDni" desc="(Ljava/lang/String;)V" line="707"><counter type="INSTRUCTION" missed="0" covered="11"/><counter type="BRANCH" missed="1" covered="3"/><counter type="LINE" missed="0" covered="3"/><counter type="COMPLEXITY" missed="1" covered="2"/><counter type="METHOD" missed="0" covered="1"/></method><method name="validarBastidor" desc="(Ljava/lang/String;)V" line="718"><counter type="INSTRUCTION" missed="0" covered="11"/><counter type="BRANCH" missed="1" covered="3"/><counter type="LINE" missed="0" covered="3"/><counter type="COMPLEXITY" missed="1" covered="2"/><counter type="METHOD" missed="0" covered="1"/></method><method name="&lt;clinit&gt;" desc="()V" line="16"><counter type="INSTRUCTION" missed="0" covered="6"/><counter type="LINE" missed="0" covered="1"/><counter type="COMPLEXITY" missed="0" covered="1"/><counter type="METHOD" missed="0" covered="1"/></method><counter type="INSTRUCTION" missed="929" covered="145"/><counter type="BRANCH" missed="65" covered="10"/><counter type="LINE" missed="335" covered="46"/><counter type="COMPLEXITY" missed="58" covered="11"/><counter type="METHOD" missed="12" covered="7"/><counter type="CLASS" missed="0" covered="1"/></class><sourcefile name="VistaApp.java"><line nr="16" mi="0" ci="6" mb="0" cb="0"/><line nr="30" mi="0" ci="2" mb="0" cb="0"/><line nr="31" mi="0" ci="4" mb="0" cb="0"/><line nr="32" mi="0" ci="4" mb="0" cb="0"/><line nr="33" mi="0" ci="4" mb="0" cb="0"/><line nr="34" mi="0" ci="4" mb="0" cb="0"/><line nr="35" mi="0" ci="4" mb="0" cb="0"/><line nr="36" mi="0" ci="4" mb="0" cb="0"/><line nr="37" mi="0" ci="1" mb="0" cb="0"/><line nr="44" mi="0" ci="2" mb="0" cb="0"/><line nr="45" mi="0" ci="5" mb="0" cb="0"/><line nr="46" mi="0" ci="5" mb="0" cb="0"/><line nr="47" mi="0" ci="5" mb="0" cb="0"/><line nr="48" mi="0" ci="5" mb="0" cb="0"/><line nr="49" mi="0" ci="5" mb="0" cb="0"/><line nr="50" mi="0" ci="5" mb="0" cb="0"/><line nr="51" mi="0" ci="1" mb="0" cb="0"/><line nr="69" mi="0" ci="4" mb="0" cb="0"/><line nr="70" mi="0" ci="1" mb="0" cb="0"/><line nr="72" mi="0" ci="1" mb="0" cb="0"/><line nr="86" mi="0" ci="5" mb="0" cb="0"/><line nr="87" mi="0" ci="2" mb="0" cb="0"/><line nr="90" mi="0" ci="2" mb="0" cb="2"/><line nr="91" mi="0" ci="3" mb="0" cb="0"/><line nr="92" mi="0" ci="3" mb="0" cb="0"/><line nr="93" mi="0" ci="3" mb="0" cb="0"/><line nr="96" mi="0" ci="3" mb="0" cb="0"/><line nr="97" mi="0" ci="3" mb="0" cb="0"/><line nr="98" mi="0" ci="3" mb="0" cb="0"/><line nr="99" mi="0" ci="3" mb="0" cb="0"/><line nr="101" mi="0" ci="2" mb="2" cb="2"/><line nr="103" mi="2" ci="0" mb="0" cb="0"/><line nr="104" mi="1" ci="0" mb="0" cb="0"/><line nr="105" mi="1" ci="0" mb="0" cb="0"/><line nr="107" mi="2" ci="0" mb="0" cb="0"/><line nr="108" mi="1" ci="0" mb="0" cb="0"/><line nr="109" mi="1" ci="0" mb="0" cb="0"/><line nr="111" mi="0" ci="2" mb="0" cb="0"/><line nr="112" mi="0" ci="3" mb="0" cb="0"/><line nr="113" mi="0" ci="1" mb="0" cb="0"/><line nr="115" mi="0" ci="3" mb="0" cb="0"/><line nr="117" mi="0" ci="1" mb="0" cb="0"/><line nr="118" mi="0" ci="3" mb="0" cb="0"/><line nr="119" mi="0" ci="3" mb="0" cb="0"/><line nr="120" mi="0" ci="2" mb="0" cb="0"/><line nr="122" mi="0" ci="1" mb="0" cb="0"/><line nr="135" mi="2" ci="0" mb="0" cb="0"/><line nr="138" mi="2" ci="0" mb="2" cb="0"/><line nr="139" mi="3" ci="0" mb="0" cb="0"/><line nr="140" mi="3" ci="0" mb="0" cb="0"/><line nr="141" mi="3" ci="0" mb="0" cb="0"/><line nr="144" mi="3" ci="0" mb="0" cb="0"/><line nr="145" mi="3" ci="0" mb="0" cb="0"/><line nr="146" mi="3" ci="0" mb="0" cb="0"/><line nr="147" mi="3" ci="0" mb="0" cb="0"/><line nr="149" mi="2" ci="0" mb="4" cb="0"/><line nr="151" mi="1" ci="0" mb="0" cb="0"/><line nr="152" mi="1" ci="0" mb="0" cb="0"/><line nr="154" mi="1" ci="0" mb="0" cb="0"/><line nr="155" mi="1" ci="0" mb="0" cb="0"/><line nr="157" mi="2" ci="0" mb="0" cb="0"/><line nr="158" mi="1" ci="0" mb="0" cb="0"/><line nr="160" mi="3" ci="0" mb="0" cb="0"/><line nr="162" mi="1" ci="0" mb="0" cb="0"/><line nr="163" mi="3" ci="0" mb="0" cb="0"/><line nr="164" mi="3" ci="0" mb="0" cb="0"/><line nr="165" mi="2" ci="0" mb="0" cb="0"/><line nr="167" mi="1" ci="0" mb="0" cb="0"/><line nr="182" mi="2" ci="0" mb="0" cb="0"/><line nr="185" mi="2" ci="0" mb="2" cb="0"/><line nr="186" mi="3" ci="0" mb="0" cb="0"/><line nr="187" mi="3" ci="0" mb="0" cb="0"/><line nr="188" mi="3" ci="0" mb="0" cb="0"/><line nr="189" mi="3" ci="0" mb="0" cb="0"/><line nr="190" mi="3" ci="0" mb="0" cb="0"/><line nr="193" mi="3" ci="0" mb="0" cb="0"/><line nr="194" mi="3" ci="0" mb="0" cb="0"/><line nr="195" mi="3" ci="0" mb="0" cb="0"/><line nr="196" mi="3" ci="0" mb="0" cb="0"/><line nr="198" mi="2" ci="0" mb="6" cb="0"/><line nr="200" mi="1" ci="0" mb="0" cb="0"/><line nr="201" mi="1" ci="0" mb="0" cb="0"/><line nr="203" mi="1" ci="0" mb="0" cb="0"/><line nr="204" mi="1" ci="0" mb="0" cb="0"/><line nr="206" mi="1" ci="0" mb="0" cb="0"/><line nr="207" mi="1" ci="0" mb="0" cb="0"/><line nr="209" mi="1" ci="0" mb="0" cb="0"/><line nr="210" mi="1" ci="0" mb="0" cb="0"/><line nr="212" mi="2" ci="0" mb="0" cb="0"/><line nr="213" mi="1" ci="0" mb="0" cb="0"/><line nr="215" mi="3" ci="0" mb="0" cb="0"/><line nr="217" mi="1" ci="0" mb="0" cb="0"/><line nr="218" mi="3" ci="0" mb="0" cb="0"/><line nr="219" mi="3" ci="0" mb="0" cb="0"/><line nr="220" mi="2" ci="0" mb="0" cb="0"/><line nr="222" mi="1" ci="0" mb="0" cb="0"/><line nr="231" mi="2" ci="0" mb="0" cb="0"/><line nr="236" mi="2" ci="0" mb="2" cb="0"/><line nr="237" mi="3" ci="0" mb="0" cb="0"/><line nr="238" mi="3" ci="0" mb="0" cb="0"/><line nr="239" mi="3" ci="0" mb="0" cb="0"/><line nr="240" mi="3" ci="0" mb="0" cb="0"/><line nr="241" mi="2" ci="0" mb="0" cb="0"/><line nr="242" mi="2" ci="0" mb="0" cb="0"/><line nr="244" mi="3" ci="0" mb="0" cb="0"/><line nr="245" mi="3" ci="0" mb="0" cb="0"/><line nr="246" mi="3" ci="0" mb="0" cb="0"/><line nr="247" mi="3" ci="0" mb="0" cb="0"/><line nr="249" mi="2" ci="0" mb="5" cb="0"/><line nr="251" mi="2" ci="0" mb="0" cb="0"/><line nr="252" mi="5" ci="0" mb="0" cb="0"/><line nr="253" mi="3" ci="0" mb="0" cb="0"/><line nr="254" mi="3" ci="0" mb="0" cb="0"/><line nr="255" mi="3" ci="0" mb="0" cb="0"/><line nr="256" mi="1" ci="0" mb="0" cb="0"/><line nr="258" mi="3" ci="0" mb="0" cb="0"/><line nr="259" mi="3" ci="0" mb="0" cb="0"/><line nr="260" mi="10" ci="0" mb="2" cb="0"/><line nr="261" mi="3" ci="0" mb="0" cb="0"/><line nr="262" mi="1" ci="0" mb="0" cb="0"/><line nr="263" mi="1" ci="0" mb="0" cb="0"/><line nr="265" mi="3" ci="0" mb="0" cb="0"/><line nr="266" mi="3" ci="0" mb="0" cb="0"/><line nr="267" mi="10" ci="0" mb="2" cb="0"/><line nr="268" mi="4" ci="0" mb="0" cb="0"/><line nr="269" mi="1" ci="0" mb="0" cb="0"/><line nr="270" mi="1" ci="0" mb="0" cb="0"/><line nr="272" mi="2" ci="0" mb="0" cb="0"/><line nr="273" mi="1" ci="0" mb="0" cb="0"/><line nr="275" mi="3" ci="0" mb="0" cb="0"/><line nr="277" mi="1" ci="0" mb="0" cb="0"/><line nr="278" mi="3" ci="0" mb="0" cb="0"/><line nr="279" mi="3" ci="0" mb="0" cb="0"/><line nr="280" mi="2" ci="0" mb="0" cb="0"/><line nr="282" mi="1" ci="0" mb="0" cb="0"/><line nr="294" mi="2" ci="0" mb="0" cb="0"/><line nr="298" mi="2" ci="0" mb="2" cb="0"/><line nr="299" mi="3" ci="0" mb="0" cb="0"/><line nr="300" mi="3" ci="0" mb="0" cb="0"/><line nr="301" mi="3" ci="0" mb="0" cb="0"/><line nr="302" mi="3" ci="0" mb="0" cb="0"/><line nr="303" mi="3" ci="0" mb="0" cb="0"/><line nr="304" mi="3" ci="0" mb="0" cb="0"/><line nr="305" mi="2" ci="0" mb="0" cb="0"/><line nr="306" mi="2" ci="0" mb="0" cb="0"/><line nr="309" mi="3" ci="0" mb="0" cb="0"/><line nr="310" mi="3" ci="0" mb="0" cb="0"/><line nr="311" mi="3" ci="0" mb="0" cb="0"/><line nr="312" mi="3" ci="0" mb="0" cb="0"/><line nr="314" mi="2" ci="0" mb="7" cb="0"/><line nr="316" mi="3" ci="0" mb="0" cb="0"/><line nr="317" mi="3" ci="0" mb="0" cb="0"/><line nr="318" mi="3" ci="0" mb="0" cb="0"/><line nr="319" mi="1" ci="0" mb="0" cb="0"/><line nr="321" mi="3" ci="0" mb="0" cb="0"/><line nr="322" mi="3" ci="0" mb="0" cb="0"/><line nr="323" mi="3" ci="0" mb="0" cb="0"/><line nr="324" mi="3" ci="0" mb="0" cb="0"/><line nr="325" mi="1" ci="0" mb="0" cb="0"/><line nr="327" mi="3" ci="0" mb="0" cb="0"/><line nr="328" mi="3" ci="0" mb="0" cb="0"/><line nr="329" mi="2" ci="0" mb="0" cb="0"/><line nr="330" mi="5" ci="0" mb="0" cb="0"/><line nr="331" mi="3" ci="0" mb="0" cb="0"/><line nr="332" mi="1" ci="0" mb="0" cb="0"/><line nr="334" mi="3" ci="0" mb="0" cb="0"/><line nr="335" mi="3" ci="0" mb="0" cb="0"/><line nr="336" mi="10" ci="0" mb="2" cb="0"/><line nr="337" mi="4" ci="0" mb="0" cb="0"/><line nr="338" mi="1" ci="0" mb="0" cb="0"/><line nr="339" mi="1" ci="0" mb="0" cb="0"/><line nr="341" mi="3" ci="0" mb="0" cb="0"/><line nr="342" mi="3" ci="0" mb="0" cb="0"/><line nr="343" mi="2" ci="0" mb="0" cb="0"/><line nr="344" mi="4" ci="0" mb="0" cb="0"/><line nr="345" mi="4" ci="0" mb="0" cb="0"/><line nr="346" mi="1" ci="0" mb="0" cb="0"/><line nr="348" mi="2" ci="0" mb="0" cb="0"/><line nr="349" mi="1" ci="0" mb="0" cb="0"/><line nr="351" mi="3" ci="0" mb="0" cb="0"/><line nr="353" mi="1" ci="0" mb="0" cb="0"/><line nr="354" mi="3" ci="0" mb="0" cb="0"/><line nr="355" mi="3" ci="0" mb="0" cb="0"/><line nr="356" mi="1" ci="0" mb="0" cb="0"/><line nr="357" mi="1" ci="0" mb="0" cb="0"/><line nr="358" mi="1" ci="0" mb="0" cb="0"/><line nr="370" mi="2" ci="0" mb="0" cb="0"/><line nr="373" mi="2" ci="0" mb="0" cb="0"/><line nr="375" mi="2" ci="0" mb="2" cb="0"/><line nr="376" mi="3" ci="0" mb="0" cb="0"/><line nr="377" mi="3" ci="0" mb="0" cb="0"/><line nr="378" mi="3" ci="0" mb="0" cb="0"/><line nr="379" mi="3" ci="0" mb="0" cb="0"/><line nr="380" mi="3" ci="0" mb="0" cb="0"/><line nr="381" mi="3" ci="0" mb="0" cb="0"/><line nr="382" mi="2" ci="0" mb="0" cb="0"/><line nr="386" mi="3" ci="0" mb="0" cb="0"/><line nr="387" mi="3" ci="0" mb="0" cb="0"/><line nr="388" mi="3" ci="0" mb="0" cb="0"/><line nr="389" mi="3" ci="0" mb="0" cb="0"/><line nr="391" mi="2" ci="0" mb="7" cb="0"/><line nr="393" mi="3" ci="0" mb="0" cb="0"/><line nr="394" mi="3" ci="0" mb="0" cb="0"/><line nr="395" mi="3" ci="0" mb="0" cb="0"/><line nr="396" mi="1" ci="0" mb="0" cb="0"/><line nr="398" mi="3" ci="0" mb="0" cb="0"/><line nr="399" mi="3" ci="0" mb="0" cb="0"/><line nr="400" mi="3" ci="0" mb="0" cb="0"/><line nr="401" mi="3" ci="0" mb="0" cb="0"/><line nr="402" mi="1" ci="0" mb="0" cb="0"/><line nr="404" mi="3" ci="0" mb="0" cb="0"/><line nr="405" mi="3" ci="0" mb="0" cb="0"/><line nr="406" mi="2" ci="0" mb="0" cb="0"/><line nr="407" mi="5" ci="0" mb="0" cb="0"/><line nr="408" mi="3" ci="0" mb="0" cb="0"/><line nr="409" mi="1" ci="0" mb="0" cb="0"/><line nr="411" mi="3" ci="0" mb="0" cb="0"/><line nr="412" mi="3" ci="0" mb="0" cb="0"/><line nr="413" mi="10" ci="0" mb="2" cb="0"/><line nr="414" mi="4" ci="0" mb="0" cb="0"/><line nr="415" mi="1" ci="0" mb="0" cb="0"/><line nr="416" mi="1" ci="0" mb="0" cb="0"/><line nr="418" mi="3" ci="0" mb="0" cb="0"/><line nr="419" mi="3" ci="0" mb="0" cb="0"/><line nr="420" mi="2" ci="0" mb="0" cb="0"/><line nr="421" mi="4" ci="0" mb="0" cb="0"/><line nr="422" mi="4" ci="0" mb="0" cb="0"/><line nr="423" mi="1" ci="0" mb="0" cb="0"/><line nr="425" mi="2" ci="0" mb="0" cb="0"/><line nr="426" mi="1" ci="0" mb="0" cb="0"/><line nr="428" mi="3" ci="0" mb="0" cb="0"/><line nr="430" mi="1" ci="0" mb="0" cb="0"/><line nr="431" mi="3" ci="0" mb="0" cb="0"/><line nr="432" mi="3" ci="0" mb="0" cb="0"/><line nr="433" mi="2" ci="0" mb="0" cb="0"/><line nr="435" mi="1" ci="0" mb="0" cb="0"/><line nr="445" mi="2" ci="0" mb="0" cb="0"/><line nr="449" mi="2" ci="0" mb="2" cb="0"/><line nr="450" mi="3" ci="0" mb="0" cb="0"/><line nr="451" mi="3" ci="0" mb="0" cb="0"/><line nr="452" mi="3" ci="0" mb="0" cb="0"/><line nr="453" mi="3" ci="0" mb="0" cb="0"/><line nr="454" mi="3" ci="0" mb="0" cb="0"/><line nr="455" mi="2" ci="0" mb="0" cb="0"/><line nr="456" mi="2" ci="0" mb="0" cb="0"/><line nr="459" mi="3" ci="0" mb="0" cb="0"/><line nr="460" mi="3" ci="0" mb="0" cb="0"/><line nr="461" mi="3" ci="0" mb="0" cb="0"/><line nr="462" mi="3" ci="0" mb="0" cb="0"/><line nr="464" mi="2" ci="0" mb="6" cb="0"/><line nr="466" mi="2" ci="0" mb="0" cb="0"/><line nr="467" mi="3" ci="0" mb="0" cb="0"/><line nr="468" mi="3" ci="0" mb="0" cb="0"/><line nr="469" mi="1" ci="0" mb="0" cb="0"/><line nr="471" mi="3" ci="0" mb="0" cb="0"/><line nr="472" mi="2" ci="0" mb="0" cb="0"/><line nr="473" mi="3" ci="0" mb="0" cb="0"/><line nr="474" mi="3" ci="0" mb="0" cb="0"/><line nr="475" mi="1" ci="0" mb="0" cb="0"/><line nr="477" mi="3" ci="0" mb="0" cb="0"/><line nr="478" mi="3" ci="0" mb="0" cb="0"/><line nr="479" mi="2" ci="0" mb="0" cb="0"/><line nr="480" mi="5" ci="0" mb="0" cb="0"/><line nr="481" mi="3" ci="0" mb="0" cb="0"/><line nr="482" mi="1" ci="0" mb="0" cb="0"/><line nr="484" mi="3" ci="0" mb="0" cb="0"/><line nr="485" mi="3" ci="0" mb="0" cb="0"/><line nr="486" mi="10" ci="0" mb="2" cb="0"/><line nr="487" mi="4" ci="0" mb="0" cb="0"/><line nr="488" mi="1" ci="0" mb="0" cb="0"/><line nr="489" mi="1" ci="0" mb="0" cb="0"/><line nr="491" mi="2" ci="0" mb="0" cb="0"/><line nr="492" mi="1" ci="0" mb="0" cb="0"/><line nr="494" mi="3" ci="0" mb="0" cb="0"/><line nr="496" mi="1" ci="0" mb="0" cb="0"/><line nr="497" mi="3" ci="0" mb="0" cb="0"/><line nr="498" mi="3" ci="0" mb="0" cb="0"/><line nr="499" mi="1" ci="0" mb="0" cb="0"/><line nr="500" mi="1" ci="0" mb="0" cb="0"/><line nr="501" mi="1" ci="0" mb="0" cb="0"/><line nr="511" mi="3" ci="0" mb="0" cb="0"/><line nr="512" mi="3" ci="0" mb="0" cb="0"/><line nr="514" mi="3" ci="0" mb="0" cb="0"/><line nr="515" mi="3" ci="0" mb="0" cb="0"/><line nr="517" mi="3" ci="0" mb="0" cb="0"/><line nr="518" mi="3" ci="0" mb="0" cb="0"/><line nr="520" mi="3" ci="0" mb="0" cb="0"/><line nr="521" mi="3" ci="0" mb="0" cb="0"/><line nr="523" mi="3" ci="0" mb="0" cb="0"/><line nr="524" mi="3" ci="0" mb="0" cb="0"/><line nr="526" mi="3" ci="0" mb="0" cb="0"/><line nr="527" mi="3" ci="0" mb="0" cb="0"/><line nr="529" mi="3" ci="0" mb="0" cb="0"/><line nr="530" mi="3" ci="0" mb="0" cb="0"/><line nr="532" mi="3" ci="0" mb="0" cb="0"/><line nr="533" mi="4" ci="0" mb="0" cb="0"/><line nr="535" mi="3" ci="0" mb="0" cb="0"/><line nr="536" mi="3" ci="0" mb="0" cb="0"/><line nr="538" mi="3" ci="0" mb="0" cb="0"/><line nr="539" mi="3" ci="0" mb="0" cb="0"/><line nr="541" mi="3" ci="0" mb="0" cb="0"/><line nr="542" mi="3" ci="0" mb="0" cb="0"/><line nr="544" mi="3" ci="0" mb="0" cb="0"/><line nr="545" mi="3" ci="0" mb="0" cb="0"/><line nr="547" mi="16" ci="0" mb="0" cb="0"/><line nr="548" mi="3" ci="0" mb="0" cb="0"/><line nr="550" mi="2" ci="0" mb="0" cb="0"/><line nr="560" mi="2" ci="0" mb="0" cb="0"/><line nr="562" mi="2" ci="0" mb="2" cb="0"/><line nr="563" mi="3" ci="0" mb="0" cb="0"/><line nr="564" mi="3" ci="0" mb="0" cb="0"/><line nr="567" mi="3" ci="0" mb="0" cb="0"/><line nr="568" mi="3" ci="0" mb="0" cb="0"/><line nr="570" mi="3" ci="0" mb="0" cb="0"/><line nr="571" mi="3" ci="0" mb="0" cb="0"/><line nr="573" mi="3" ci="0" mb="0" cb="0"/><line nr="574" mi="3" ci="0" mb="0" cb="0"/><line nr="576" mi="3" ci="0" mb="0" cb="0"/><line nr="577" mi="3" ci="0" mb="0" cb="0"/><line nr="579" mi="3" ci="0" mb="0" cb="0"/><line nr="580" mi="3" ci="0" mb="0" cb="0"/><line nr="582" mi="12" ci="0" mb="0" cb="0"/><line nr="583" mi="3" ci="0" mb="0" cb="0"/><line nr="585" mi="2" ci="0" mb="0" cb="0"/><line nr="596" mi="2" ci="0" mb="0" cb="0"/><line nr="598" mi="2" ci="0" mb="2" cb="0"/><line nr="599" mi="3" ci="0" mb="0" cb="0"/><line nr="600" mi="3" ci="0" mb="0" cb="0"/><line nr="603" mi="3" ci="0" mb="0" cb="0"/><line nr="604" mi="3" ci="0" mb="0" cb="0"/><line nr="606" mi="3" ci="0" mb="0" cb="0"/><line nr="607" mi="3" ci="0" mb="0" cb="0"/><line nr="609" mi="3" ci="0" mb="0" cb="0"/><line nr="610" mi="3" ci="0" mb="0" cb="0"/><line nr="612" mi="3" ci="0" mb="0" cb="0"/><line nr="613" mi="3" ci="0" mb="0" cb="0"/><line nr="615" mi="3" ci="0" mb="0" cb="0"/><line nr="616" mi="3" ci="0" mb="0" cb="0"/><line nr="618" mi="3" ci="0" mb="0" cb="0"/><line nr="619" mi="3" ci="0" mb="0" cb="0"/><line nr="621" mi="3" ci="0" mb="0" cb="0"/><line nr="622" mi="3" ci="0" mb="0" cb="0"/><line nr="624" mi="14" ci="0" mb="0" cb="0"/><line nr="625" mi="3" ci="0" mb="0" cb="0"/><line nr="627" mi="2" ci="0" mb="0" cb="0"/><line nr="637" mi="3" ci="0" mb="0" cb="0"/><line nr="638" mi="3" ci="0" mb="0" cb="0"/><line nr="640" mi="3" ci="0" mb="0" cb="0"/><line nr="641" mi="3" ci="0" mb="0" cb="0"/><line nr="643" mi="3" ci="0" mb="0" cb="0"/><line nr="644" mi="3" ci="0" mb="0" cb="0"/><line nr="646" mi="3" ci="0" mb="0" cb="0"/><line nr="647" mi="3" ci="0" mb="0" cb="0"/><line nr="649" mi="3" ci="0" mb="0" cb="0"/><line nr="650" mi="4" ci="0" mb="0" cb="0"/><line nr="652" mi="3" ci="0" mb="0" cb="0"/><line nr="653" mi="3" ci="0" mb="0" cb="0"/><line nr="655" mi="11" ci="0" mb="0" cb="0"/><line nr="656" mi="3" ci="0" mb="0" cb="0"/><line nr="658" mi="2" ci="0" mb="0" cb="0"/><line nr="668" mi="3" ci="0" mb="0" cb="0"/><line nr="669" mi="3" ci="0" mb="0" cb="0"/><line nr="671" mi="3" ci="0" mb="0" cb="0"/><line nr="672" mi="3" ci="0" mb="0" cb="0"/><line nr="674" mi="3" ci="0" mb="0" cb="0"/><line nr="675" mi="3" ci="0" mb="0" cb="0"/><line nr="677" mi="8" ci="0" mb="0" cb="0"/><line nr="678" mi="3" ci="0" mb="0" cb="0"/><line nr="680" mi="2" ci="0" mb="0" cb="0"/><line nr="692" mi="3" ci="0" mb="0" cb="0"/><line nr="693" mi="3" ci="0" mb="0" cb="0"/><line nr="695" mi="3" ci="0" mb="0" cb="0"/><line nr="696" mi="3" ci="0" mb="0" cb="0"/><line nr="698" mi="5" ci="0" mb="0" cb="0"/><line nr="699" mi="1" ci="0" mb="0" cb="0"/><line nr="707" mi="0" ci="5" mb="1" cb="3"/><line nr="708" mi="0" ci="5" mb="0" cb="0"/><line nr="710" mi="0" ci="1" mb="0" cb="0"/><line nr="718" mi="0" ci="5" mb="1" cb="3"/><line nr="719" mi="0" ci="5" mb="0" cb="0"/><line nr="721" mi="0" ci="1" mb="0" cb="0"/><counter type="INSTRUCTION" missed="929" covered="145"/><counter type="BRANCH" missed="65" covered="10"/><counter type="LINE" missed="335" covered="46"/><counter type="COMPLEXITY" missed="58" covered="11"/><counter type="METHOD" missed="12" covered="7"/><counter type="CLASS" missed="0" covered="1"/></sourcefile><counter type="INSTRUCTION" missed="929" covered="145"/><counter type="BRANCH" missed="65" covered="10"/><counter type="LINE" missed="335" covered="46"/><counter type="COMPLEXITY" missed="58" covered="11"/><counter type="METHOD" missed="12" covered="7"/><counter type="CLASS" missed="0" covered="1"/></package><counter type="INSTRUCTION" missed="983" covered="4181"/><counter type="BRANCH" missed="71" covered="283"/><counter type="LINE" missed="347" covered="1032"/><counter type="COMPLEXITY" missed="63" covered="375"/><counter type="METHOD" missed="13" covered="235"/><counter type="CLASS" missed="0" covered="32"/></report>