GROUP,PACKAGE,CLASS,INSTRUCTION_MISSED,INSTRUCTION_COVERED,BRANCH_MISSED,BRANCH_COVERED,LINE_MISSED,LINE_COVERED,COMPLEXITY_MISSED,COMPLEXITY_COVERED,METHOD_MISSED,METHOD_COVERED
concesionario,es.iespuertodelacruz.concesionario.api,Vendedor,12,0,0,0,3,0,1,0,1,0
concesionario,es.iespuertodelacruz.concesionario.api,Persona,21,0,0,0,8,0,1,0,1,0
concesionario,es.iespuertodelacruz.concesionario.api,Cliente,17,0,0,0,4,0,1,0,1,0
concesionario,es.iespuertodelacruz.concesionario.api,Coche,10,0,0,0,2,0,1,0,1,0
concesionario,es.iespuertodelacruz.concesionario.api,Direccion,18,0,0,0,7,0,1,0,1,0
concesionario,es.iespuertodelacruz.concesionario.api,Vehiculo,24,0,0,0,9,0,1,0,1,0
